[INFO] :: 2023-05-06 01:11:07,589 :: main ::VINE ::SET_GPIO command is inserted to 1 Unit Board

[INFO] :: 2023-05-06 01:11:07,642 :: unitboard ::VINE ::Received message: Timestamp: 1683303067.593078        ID: 0300    S Rx     F          DL: 24    f8 13 13 00 04 05 09 05 0b 00 0b 00 0b 00 0b 00 00 00 00 00 f3 ff ff f3    Channel: can0

[INFO] :: 2023-05-06 01:11:08,766 :: main ::VINE ::SET_TEMP command is inserted to 1 Unit Board

[INFO] :: 2023-05-06 01:11:08,832 :: unitboard ::VINE ::Received message: Timestamp: 1683303068.782176        ID: 0300    S Rx     F          DL: 24    f8 13 13 00 04 05 09 05 0b 00 0b 00 0b 00 0b 00 00 00 00 00 f3 ff ff f3    Channel: can0

[INFO] :: 2023-05-06 01:11:09,519 :: main ::VINE ::SET_TEMP command is inserted to 1 Unit Board

[INFO] :: 2023-05-06 01:11:09,580 :: unitboard ::VINE ::Received message: Timestamp: 1683303069.530345        ID: 0300    S Rx     F          DL: 24    f8 13 13 00 04 05 09 05 0b 00 0b 00 0b 00 0b 00 00 00 00 00 f3 ff ff f3    Channel: can0

[INFO] :: 2023-05-06 01:11:10,183 :: main ::VINE ::SET_TEMP command is inserted to 1 Unit Board

[INFO] :: 2023-05-06 01:11:10,244 :: unitboard ::VINE ::Received message: Timestamp: 1683303070.194540        ID: 0300    S Rx     F          DL: 24    f8 13 13 00 04 05 09 05 0b 00 0b 00 0b 00 0b 00 00 00 00 00 f3 ff ff f3    Channel: can0

[INFO] :: 2023-05-06 01:11:10,760 :: main ::VINE ::SET_TEMP command is inserted to 1 Unit Board

[INFO] :: 2023-05-06 01:11:10,823 :: unitboard ::VINE ::Received message: Timestamp: 1683303070.770715        ID: 0300    S Rx     F          DL: 24    f8 13 13 00 04 05 09 05 0b 00 0b 00 0b 00 0b 00 00 00 00 00 f3 ff ff f3    Channel: can0

[INFO] :: 2023-05-06 01:11:16,637 :: main ::VINE ::SET_GPIO command is inserted to 1 Unit Board

[INFO] :: 2023-05-06 01:11:16,695 :: unitboard ::VINE ::Received message: Timestamp: 1683303076.643627        ID: 0300    S Rx     F          DL: 24    f8 13 13 00 04 05 09 05 0b 00 0b 00 0b 00 0b 00 00 00 00 00 f3 ff ff f3    Channel: can0

[INFO] :: 2023-05-06 01:11:17,299 :: main ::VINE ::SET_TEMP command is inserted to 1 Unit Board

[INFO] :: 2023-05-06 01:11:17,361 :: unitboard ::VINE ::Received message: Timestamp: 1683303077.309303        ID: 0300    S Rx     F          DL: 24    f8 13 13 00 04 05 09 05 0b 00 0b 00 0b 00 0b 00 00 00 00 00 f3 ff ff f3    Channel: can0

[INFO] :: 2023-05-06 01:11:18,228 :: main ::VINE ::SET_TEMP command is inserted to 1 Unit Board

[INFO] :: 2023-05-06 01:11:18,289 :: unitboard ::VINE ::Received message: Timestamp: 1683303078.238455        ID: 0300    S Rx     F          DL: 24    f8 13 13 00 04 05 09 05 0b 00 0b 00 0b 00 0b 00 00 00 00 00 f3 ff ff f3    Channel: can0

[INFO] :: 2023-05-06 01:11:18,845 :: main ::VINE ::SET_GPIO command is inserted to 1 Unit Board

[INFO] :: 2023-05-06 01:11:18,900 :: unitboard ::VINE ::Received message: Timestamp: 1683303078.851314        ID: 0300    S Rx     F          DL: 24    f8 13 13 00 04 05 09 05 0b 00 0b 00 0b 00 0b 00 00 00 00 00 f3 ff ff f3    Channel: can0

[INFO] :: 2023-05-06 01:11:19,414 :: main ::VINE ::SET_TEMP command is inserted to 1 Unit Board

[INFO] :: 2023-05-06 01:11:19,474 :: unitboard ::VINE ::Received message: Timestamp: 1683303079.424047        ID: 0300    S Rx     F          DL: 24    f8 13 13 00 04 05 09 05 0b 00 0b 00 0b 00 0b 00 00 00 00 00 f3 ff ff f3    Channel: can0

[INFO] :: 2023-05-06 01:11:19,944 :: main ::VINE ::SET_GPIO command is inserted to 1 Unit Board

[INFO] :: 2023-05-06 01:11:20,000 :: unitboard ::VINE ::Received message: Timestamp: 1683303079.949531        ID: 0300    S Rx     F          DL: 24    f8 13 13 00 04 05 09 05 0b 00 0b 00 0b 00 0b 00 00 00 00 00 f3 ff ff f3    Channel: can0

[INFO] :: 2023-05-06 01:11:20,410 :: main ::VINE ::SET_TEMP command is inserted to 1 Unit Board

[INFO] :: 2023-05-06 01:11:20,470 :: unitboard ::VINE ::Received message: Timestamp: 1683303080.420484        ID: 0300    S Rx     F          DL: 24    f8 13 13 00 04 05 09 05 0b 00 0b 00 0b 00 0b 00 00 00 00 00 f3 ff ff f3    Channel: can0

[INFO] :: 2023-05-06 01:11:20,872 :: main ::VINE ::SET_GPIO command is inserted to 1 Unit Board

[INFO] :: 2023-05-06 01:11:20,929 :: unitboard ::VINE ::Received message: Timestamp: 1683303080.879350        ID: 0300    S Rx     F          DL: 24    f8 13 13 00 04 05 09 05 0b 00 0b 00 0b 00 0b 00 00 00 00 00 f3 ff ff f3    Channel: can0

[INFO] :: 2023-05-06 01:11:21,284 :: main ::VINE ::SET_TEMP command is inserted to 1 Unit Board

[INFO] :: 2023-05-06 01:11:21,340 :: unitboard ::VINE ::Received message: Timestamp: 1683303081.290277        ID: 0300    S Rx     F          DL: 24    f8 13 13 00 04 05 09 05 0b 00 0b 00 0b 00 0b 00 00 00 00 00 f3 ff ff f3    Channel: can0

[INFO] :: 2023-05-06 01:11:21,675 :: main ::VINE ::SET_GPIO command is inserted to 1 Unit Board

[INFO] :: 2023-05-06 01:11:21,728 :: unitboard ::VINE ::Received message: Timestamp: 1683303081.678591        ID: 0300    S Rx     F          DL: 24    f8 13 13 00 04 05 09 05 0b 00 0b 00 0b 00 0b 00 00 00 00 00 f3 ff ff f3    Channel: can0

[INFO] :: 2023-05-06 01:11:22,032 :: main ::VINE ::SET_TEMP command is inserted to 1 Unit Board

[INFO] :: 2023-05-06 01:11:22,088 :: unitboard ::VINE ::Received message: Timestamp: 1683303082.038327        ID: 0300    S Rx     F          DL: 24    f8 13 13 00 04 05 09 05 0b 00 0b 00 0b 00 0b 00 00 00 00 00 f3 ff ff f3    Channel: can0

[INFO] :: 2023-05-06 01:11:22,394 :: main ::VINE ::SET_GPIO command is inserted to 1 Unit Board

[INFO] :: 2023-05-06 01:11:22,447 :: unitboard ::VINE ::Received message: Timestamp: 1683303082.397680        ID: 0300    S Rx     F          DL: 24    f8 13 13 00 04 05 09 05 0b 00 0b 00 0b 00 0b 00 00 00 00 00 f3 ff ff f3    Channel: can0

[INFO] :: 2023-05-06 01:11:22,776 :: main ::VINE ::SET_TEMP command is inserted to 1 Unit Board

[INFO] :: 2023-05-06 01:11:22,832 :: unitboard ::VINE ::Received message: Timestamp: 1683303082.782586        ID: 0300    S Rx     F          DL: 24    f8 13 13 00 04 05 09 05 0b 00 0b 00 0b 00 0b 00 00 00 00 00 f3 ff ff f3    Channel: can0

[INFO] :: 2023-05-06 01:11:23,130 :: main ::VINE ::SET_GPIO command is inserted to 1 Unit Board

[INFO] :: 2023-05-06 01:11:23,183 :: unitboard ::VINE ::Received message: Timestamp: 1683303083.133872        ID: 0300    S Rx     F          DL: 24    f8 13 13 00 04 05 09 05 0b 00 0b 00 0b 00 0b 00 00 00 00 00 f3 ff ff f3    Channel: can0

[INFO] :: 2023-05-06 01:11:23,502 :: main ::VINE ::SET_TEMP command is inserted to 1 Unit Board

[INFO] :: 2023-05-06 01:11:23,557 :: unitboard ::VINE ::Received message: Timestamp: 1683303083.508108        ID: 0300    S Rx     F          DL: 24    f8 13 13 00 04 05 09 05 0b 00 0b 00 0b 00 0b 00 00 00 00 00 f3 ff ff f3    Channel: can0

[INFO] :: 2023-05-06 01:11:23,839 :: main ::VINE ::SET_GPIO command is inserted to 1 Unit Board

[INFO] :: 2023-05-06 01:11:23,893 :: unitboard ::VINE ::Received message: Timestamp: 1683303083.843263        ID: 0300    S Rx     F          DL: 24    f8 13 13 00 04 05 09 05 0b 00 0b 00 0b 00 0b 00 00 00 00 00 f3 ff ff f3    Channel: can0

[INFO] :: 2023-05-06 01:11:24,197 :: main ::VINE ::SET_TEMP command is inserted to 1 Unit Board

[INFO] :: 2023-05-06 01:11:24,253 :: unitboard ::VINE ::Received message: Timestamp: 1683303084.203585        ID: 0300    S Rx     F          DL: 24    f8 13 13 00 04 05 09 05 0b 00 0b 00 0b 00 0b 00 00 00 00 00 f3 ff ff f3    Channel: can0

[INFO] :: 2023-05-06 01:11:24,528 :: main ::VINE ::SET_GPIO command is inserted to 1 Unit Board

[INFO] :: 2023-05-06 01:11:24,581 :: unitboard ::VINE ::Received message: Timestamp: 1683303084.531992        ID: 0300    S Rx     F          DL: 24    f8 13 13 00 04 05 09 05 0b 00 0b 00 0b 00 0b 00 00 00 00 00 f3 ff ff f3    Channel: can0

[INFO] :: 2023-05-06 01:11:24,921 :: main ::VINE ::SET_TEMP command is inserted to 1 Unit Board

[INFO] :: 2023-05-06 01:11:24,976 :: unitboard ::VINE ::Received message: Timestamp: 1683303084.926870        ID: 0300    S Rx     F          DL: 24    f8 13 13 00 04 05 09 05 0b 00 0b 00 0b 00 0b 00 00 00 00 00 f3 ff ff f3    Channel: can0

[INFO] :: 2023-05-06 01:11:25,291 :: main ::VINE ::SET_GPIO command is inserted to 1 Unit Board

[INFO] :: 2023-05-06 01:11:25,344 :: unitboard ::VINE ::Received message: Timestamp: 1683303085.295192        ID: 0300    S Rx     F          DL: 24    f8 13 13 00 04 05 09 05 0b 00 0b 00 0b 00 0b 00 00 00 00 00 f3 ff ff f3    Channel: can0

[INFO] :: 2023-05-06 01:11:25,667 :: main ::VINE ::SET_TEMP command is inserted to 1 Unit Board

[INFO] :: 2023-05-06 01:11:25,722 :: unitboard ::VINE ::Received message: Timestamp: 1683303085.672966        ID: 0300    S Rx     F          DL: 24    f8 13 13 00 04 05 09 05 0b 00 0b 00 0b 00 0b 00 00 00 00 00 f3 ff ff f3    Channel: can0

[INFO] :: 2023-05-06 01:11:26,051 :: main ::VINE ::SET_GPIO command is inserted to 1 Unit Board

[INFO] :: 2023-05-06 01:11:26,108 :: unitboard ::VINE ::Received message: Timestamp: 1683303086.058698        ID: 0300    S Rx     F          DL: 24    f8 13 13 00 04 05 09 05 0b 00 0b 00 0b 00 0b 00 00 00 00 00 f3 ff ff f3    Channel: can0

[INFO] :: 2023-05-06 01:11:26,460 :: main ::VINE ::SET_TEMP command is inserted to 1 Unit Board

[INFO] :: 2023-05-06 01:11:26,519 :: unitboard ::VINE ::Received message: Timestamp: 1683303086.469451        ID: 0300    S Rx     F          DL: 24    f8 13 13 00 04 05 09 05 0b 00 0b 00 0b 00 0b 00 00 00 00 00 f3 ff ff f3    Channel: can0

[INFO] :: 2023-05-06 01:11:26,866 :: main ::VINE ::SET_GPIO command is inserted to 1 Unit Board

[INFO] :: 2023-05-06 01:11:26,923 :: unitboard ::VINE ::Received message: Timestamp: 1683303086.873179        ID: 0300    S Rx     F          DL: 24    f8 13 13 00 04 05 09 05 0b 00 0b 00 0b 00 0b 00 00 00 00 00 f3 ff ff f3    Channel: can0

[INFO] :: 2023-05-06 01:11:27,284 :: main ::VINE ::SET_TEMP command is inserted to 1 Unit Board

[INFO] :: 2023-05-06 01:11:27,345 :: unitboard ::VINE ::Received message: Timestamp: 1683303087.295669        ID: 0300    S Rx     F          DL: 24    f8 13 13 00 04 05 09 05 0b 00 0b 00 0b 00 0b 00 00 00 00 00 f3 ff ff f3    Channel: can0

[INFO] :: 2023-05-06 01:11:48,906 :: main ::VINE ::SET_GPIO command is inserted to 1 Unit Board

[INFO] :: 2023-05-06 01:11:48,959 :: unitboard ::VINE ::Received message: Timestamp: 1683303108.909754        ID: 0300    S Rx     F          DL: 24    f8 13 13 00 04 05 09 05 0b 00 0b 00 0b 00 0b 00 00 00 00 00 f3 ff ff f3    Channel: can0

[INFO] :: 2023-05-06 01:11:50,140 :: main ::VINE ::SET_TEMP command is inserted to 1 Unit Board

[INFO] :: 2023-05-06 01:11:50,196 :: unitboard ::VINE ::Received message: Timestamp: 1683303110.146016        ID: 0300    S Rx     F          DL: 24    f8 13 13 00 04 05 09 05 0b 00 0b 00 0b 00 0b 00 00 00 00 00 f3 ff ff f3    Channel: can0

[INFO] :: 2023-05-06 01:11:54,263 :: main ::VINE ::SET_MOTOR command is inserted to 1 Unit Board

[INFO] :: 2023-05-06 01:11:54,369 :: unitboard ::VINE ::Received message: Timestamp: 1683303114.321600        ID: 0300    S Rx     F          DL: 12    f8 11 05 00 01 05 09 05 0b f3 0b 00    Channel: can0

[INFO] :: 2023-05-06 01:12:11,581 :: main ::VINE ::GET_STATUS command is inserted to 1 Unit Board

[INFO] :: 2023-05-06 01:12:11,638 :: unitboard ::VINE ::Received message: Timestamp: 1683303131.588258        ID: 0300    S Rx     F          DL: 24    f8 12 10 00 4b 05 10 05 0b 00 0b 00 0b 00 0b 00 00 00 00 00 f3 ff ff f3    Channel: can0

[INFO] :: 2023-05-06 01:12:11,692 :: unitboard ::VINE ::Received message: Timestamp: 1683303131.642771        ID: 0300    S Rx     F          DL: 24    f8 14 13 00 00 00 00 00 00 00 ff ff ff ff ff 00 64 00 00 ff ff ff ff f3    Channel: can0

[INFO] :: 2023-05-06 01:12:12,714 :: main ::VINE ::GET_STATUS command is inserted to 1 Unit Board

[INFO] :: 2023-05-06 01:12:12,770 :: unitboard ::VINE ::Received message: Timestamp: 1683303132.719744        ID: 0300    S Rx     F          DL: 24    f8 12 10 00 46 05 0c 05 0b 00 0b 00 0b 00 0b 00 00 00 00 00 f3 ff ff f3    Channel: can0

[INFO] :: 2023-05-06 01:12:12,824 :: unitboard ::VINE ::Received message: Timestamp: 1683303132.774882        ID: 0300    S Rx     F          DL: 24    f8 14 13 00 00 00 00 00 00 00 ff ff ff ff ff 00 64 00 00 ff ff ff ff f3    Channel: can0

[INFO] :: 2023-05-06 01:12:13,494 :: main ::VINE ::GET_STATUS command is inserted to 1 Unit Board

[INFO] :: 2023-05-06 01:12:13,550 :: unitboard ::VINE ::Received message: Timestamp: 1683303133.500594        ID: 0300    S Rx     F          DL: 24    f8 12 10 00 48 05 0d 05 0b 00 0b 00 0b 00 0b 00 00 00 00 00 f3 ff ff f3    Channel: can0

[INFO] :: 2023-05-06 01:12:13,604 :: unitboard ::VINE ::Received message: Timestamp: 1683303133.556825        ID: 0300    S Rx     F          DL: 24    f8 14 13 00 00 00 00 00 00 00 ff ff ff ff ff 00 64 00 00 ff ff ff ff f3    Channel: can0

[INFO] :: 2023-05-06 01:12:14,237 :: main ::VINE ::GET_STATUS command is inserted to 1 Unit Board

[INFO] :: 2023-05-06 01:12:14,293 :: unitboard ::VINE ::Received message: Timestamp: 1683303134.243307        ID: 0300    S Rx     F          DL: 24    f8 12 10 00 51 05 15 05 0b 00 0b 00 0b 00 0b 00 00 00 00 00 f3 ff ff f3    Channel: can0

[INFO] :: 2023-05-06 01:12:14,347 :: unitboard ::VINE ::Received message: Timestamp: 1683303134.297877        ID: 0300    S Rx     F          DL: 24    f8 14 13 00 00 00 00 00 00 00 ff ff ff ff ff 00 64 00 00 ff ff ff ff f3    Channel: can0

[INFO] :: 2023-05-06 01:12:14,912 :: main ::VINE ::GET_STATUS command is inserted to 1 Unit Board

[INFO] :: 2023-05-06 01:12:14,968 :: unitboard ::VINE ::Received message: Timestamp: 1683303134.918098        ID: 0300    S Rx     F          DL: 24    f8 12 10 00 50 05 16 05 0c 00 0b 00 0b 00 0b 00 00 00 00 00 f3 ff ff f3    Channel: can0

[INFO] :: 2023-05-06 01:12:15,023 :: unitboard ::VINE ::Received message: Timestamp: 1683303134.972871        ID: 0300    S Rx     F          DL: 24    f8 14 13 00 00 00 00 00 00 00 ff ff ff ff ff 00 64 00 00 ff ff ff ff f3    Channel: can0

[INFO] :: 2023-05-06 01:12:15,662 :: main ::VINE ::GET_STATUS command is inserted to 1 Unit Board

[INFO] :: 2023-05-06 01:12:15,719 :: unitboard ::VINE ::Received message: Timestamp: 1683303135.668988        ID: 0300    S Rx     F          DL: 24    f8 12 10 00 54 05 18 05 0b 00 0b 00 0b 00 0b 00 00 00 00 00 f3 ff ff f3    Channel: can0

[INFO] :: 2023-05-06 01:12:15,774 :: unitboard ::VINE ::Received message: Timestamp: 1683303135.724891        ID: 0300    S Rx     F          DL: 24    f8 14 13 00 00 00 00 00 00 00 ff ff ff ff ff 00 64 00 00 ff ff ff ff f3    Channel: can0

[INFO] :: 2023-05-06 01:12:16,312 :: main ::VINE ::GET_STATUS command is inserted to 1 Unit Board

[INFO] :: 2023-05-06 01:12:16,368 :: unitboard ::VINE ::Received message: Timestamp: 1683303136.319006        ID: 0300    S Rx     F          DL: 24    f8 12 10 00 4d 05 12 05 0b 00 0b 00 0a 00 0b 00 00 00 00 00 f3 ff ff f3    Channel: can0

[INFO] :: 2023-05-06 01:12:16,422 :: unitboard ::VINE ::Received message: Timestamp: 1683303136.372977        ID: 0300    S Rx     F          DL: 24    f8 14 13 00 00 00 00 00 00 00 ff ff ff ff ff 00 64 00 00 ff ff ff ff f3    Channel: can0

[INFO] :: 2023-05-06 01:12:18,300 :: main ::VINE ::GET_STATUS command is inserted to 1 Unit Board

[INFO] :: 2023-05-06 01:12:18,356 :: unitboard ::VINE ::Received message: Timestamp: 1683303138.306468        ID: 0300    S Rx     F          DL: 24    f8 12 10 00 49 05 0e 05 0b 00 0b 00 0b 00 0b 00 00 00 00 00 f3 ff ff f3    Channel: can0

[INFO] :: 2023-05-06 01:12:18,410 :: unitboard ::VINE ::Received message: Timestamp: 1683303138.360505        ID: 0300    S Rx     F          DL: 24    f8 14 13 00 00 00 00 00 00 00 ff ff ff ff ff 00 64 00 00 ff ff ff ff f3    Channel: can0

[INFO] :: 2023-05-06 01:12:18,958 :: main ::VINE ::GET_STATUS command is inserted to 1 Unit Board

[INFO] :: 2023-05-06 01:12:19,014 :: unitboard ::VINE ::Received message: Timestamp: 1683303138.964304        ID: 0300    S Rx     F          DL: 24    f8 12 10 00 4e 05 13 05 0b 00 0b 00 0b 00 0b 00 00 00 00 00 f3 ff ff f3    Channel: can0

[INFO] :: 2023-05-06 01:12:19,068 :: unitboard ::VINE ::Received message: Timestamp: 1683303139.017989        ID: 0300    S Rx     F          DL: 24    f8 14 13 00 00 00 00 00 00 00 ff ff ff ff ff 00 64 00 00 ff ff ff ff f3    Channel: can0

[INFO] :: 2023-05-06 01:12:23,161 :: main ::VINE ::SET_GPIO command is inserted to 1 Unit Board

[INFO] :: 2023-05-06 01:12:23,217 :: unitboard ::VINE ::Received message: Timestamp: 1683303143.167721        ID: 0300    S Rx     F          DL: 24    f8 13 13 00 04 00 00 00 00 00 ff ff ff ff ff 00 64 00 00 ff ff ff ff f3    Channel: can0

[INFO] :: 2023-05-06 01:12:24,227 :: main ::VINE ::SET_TEMP command is inserted to 1 Unit Board

[INFO] :: 2023-05-06 01:12:24,288 :: unitboard ::VINE ::Received message: Timestamp: 1683303144.239342        ID: 0300    S Rx     F          DL: 24    f8 13 13 00 04 00 00 00 00 00 ff ff ff ff ff 00 64 00 00 ff ff ff ff f3    Channel: can0

[INFO] :: 2023-05-06 01:12:25,218 :: main ::VINE ::SET_GPIO command is inserted to 1 Unit Board

[INFO] :: 2023-05-06 01:12:25,274 :: unitboard ::VINE ::Received message: Timestamp: 1683303145.224288        ID: 0300    S Rx     F          DL: 24    f8 13 13 00 04 00 00 00 00 00 ff ff ff ff ff 00 64 00 00 ff ff ff ff f3    Channel: can0

[INFO] :: 2023-05-06 01:12:25,823 :: main ::VINE ::SET_TEMP command is inserted to 1 Unit Board

[INFO] :: 2023-05-06 01:12:25,884 :: unitboard ::VINE ::Received message: Timestamp: 1683303145.844166        ID: 0300    S Rx     F          DL: 24    f8 13 13 00 04 00 00 00 00 00 ff ff ff ff ff 00 64 00 00 ff ff ff ff f3    Channel: can0

[INFO] :: 2023-05-06 01:12:26,442 :: main ::VINE ::SET_GPIO command is inserted to 1 Unit Board

[INFO] :: 2023-05-06 01:12:26,498 :: unitboard ::VINE ::Received message: Timestamp: 1683303146.448853        ID: 0300    S Rx     F          DL: 24    f8 13 13 00 04 00 00 00 00 00 ff ff ff ff ff 00 64 00 00 ff ff ff ff f3    Channel: can0

[INFO] :: 2023-05-06 01:12:26,948 :: main ::VINE ::SET_TEMP command is inserted to 1 Unit Board

[INFO] :: 2023-05-06 01:12:27,008 :: unitboard ::VINE ::Received message: Timestamp: 1683303146.958629        ID: 0300    S Rx     F          DL: 24    f8 13 13 00 04 00 00 00 00 00 ff ff ff ff ff 00 64 00 00 ff ff ff ff f3    Channel: can0

[INFO] :: 2023-05-06 01:12:27,964 :: main ::VINE ::SET_MOTOR command is inserted to 1 Unit Board

[INFO] :: 2023-05-06 01:12:28,067 :: unitboard ::VINE ::Received message: Timestamp: 1683303148.020649        ID: 0300    S Rx     F          DL: 12    f8 11 05 00 01 00 00 00 00 f3 ff ff    Channel: can0

[INFO] :: 2023-05-06 01:12:29,215 :: main ::VINE ::SET_GPIO command is inserted to 1 Unit Board

[INFO] :: 2023-05-06 01:12:29,268 :: unitboard ::VINE ::Received message: Timestamp: 1683303149.218972        ID: 0300    S Rx     F          DL: 24    f8 13 13 00 04 00 00 00 00 f3 ff ff ff ff ff 00 64 00 00 ff ff ff ff f3    Channel: can0

[INFO] :: 2023-05-06 01:12:30,879 :: main ::VINE ::GET_ADC command is inserted to 1 Unit Board

[INFO] :: 2023-05-06 01:12:30,931 :: unitboard ::VINE ::Received message: Timestamp: 1683303150.882210        ID: 0300    S Rx     F          DL: 24    f8 12 10 00 4b 05 10 05 0b 00 0b 00 0b 00 0b 00 00 00 00 00 f3 ff ff f3    Channel: can0

[INFO] :: 2023-05-06 01:12:31,691 :: main ::VINE ::GET_STATUS command is inserted to 1 Unit Board

[INFO] :: 2023-05-06 01:12:31,744 :: unitboard ::VINE ::Received message: Timestamp: 1683303151.694575        ID: 0300    S Rx     F          DL: 24    f8 12 10 00 53 05 16 05 0b 00 0b 00 0b 00 0b 00 00 00 00 00 f3 ff ff f3    Channel: can0

[INFO] :: 2023-05-06 01:12:31,797 :: unitboard ::VINE ::Received message: Timestamp: 1683303151.746815        ID: 0300    S Rx     F          DL: 24    f8 14 13 00 01 01 01 01 00 00 ff ff ff ff ff 00 64 00 00 ff ff ff ff f3    Channel: can0

[INFO] :: 2023-05-06 01:12:33,269 :: main ::VINE ::GET_STATUS command is inserted to 1 Unit Board

[INFO] :: 2023-05-06 01:12:33,325 :: unitboard ::VINE ::Received message: Timestamp: 1683303153.276105        ID: 0300    S Rx     F          DL: 24    f8 12 10 00 49 05 0d 05 0b 00 0b 00 0b 00 0a 00 00 00 00 00 f3 ff ff f3    Channel: can0

[INFO] :: 2023-05-06 01:12:33,382 :: unitboard ::VINE ::Received message: Timestamp: 1683303153.329850        ID: 0300    S Rx     F          DL: 24    f8 14 13 00 01 01 01 01 00 00 ff ff ff ff ff 00 64 00 00 ff ff ff ff f3    Channel: can0

[INFO] :: 2023-05-06 01:12:35,108 :: main ::VINE ::GET_STATUS command is inserted to 1 Unit Board

[INFO] :: 2023-05-06 01:12:35,164 :: unitboard ::VINE ::Received message: Timestamp: 1683303155.115015        ID: 0300    S Rx     F          DL: 24    f8 12 10 00 4f 05 13 05 0b 00 0b 00 0b 00 0b 00 00 00 00 00 f3 ff ff f3    Channel: can0

[INFO] :: 2023-05-06 01:12:35,219 :: unitboard ::VINE ::Received message: Timestamp: 1683303155.169057        ID: 0300    S Rx     F          DL: 24    f8 14 13 00 01 01 01 01 00 00 ff ff ff ff ff 00 64 00 00 ff ff ff ff f3    Channel: can0

[INFO] :: 2023-05-06 01:12:35,899 :: main ::VINE ::GET_STATUS command is inserted to 1 Unit Board

[INFO] :: 2023-05-06 01:12:35,955 :: unitboard ::VINE ::Received message: Timestamp: 1683303155.905480        ID: 0300    S Rx     F          DL: 24    f8 12 10 00 4f 05 13 05 0b 00 0b 00 0b 00 0b 00 00 00 00 00 f3 ff ff f3    Channel: can0

[INFO] :: 2023-05-06 01:12:36,009 :: unitboard ::VINE ::Received message: Timestamp: 1683303155.959590        ID: 0300    S Rx     F          DL: 24    f8 14 13 00 01 01 01 01 00 00 ff ff ff ff ff 00 64 00 00 ff ff ff ff f3    Channel: can0

[INFO] :: 2023-05-06 01:12:36,699 :: main ::VINE ::GET_STATUS command is inserted to 1 Unit Board

[INFO] :: 2023-05-06 01:12:36,755 :: unitboard ::VINE ::Received message: Timestamp: 1683303156.706036        ID: 0300    S Rx     F          DL: 24    f8 12 10 00 4e 05 13 05 0b 00 0b 00 0a 00 0b 00 00 00 00 00 f3 ff ff f3    Channel: can0

[INFO] :: 2023-05-06 01:12:36,811 :: unitboard ::VINE ::Received message: Timestamp: 1683303156.760386        ID: 0300    S Rx     F          DL: 24    f8 14 13 00 01 01 01 01 00 00 ff ff ff ff ff 00 64 00 00 ff ff ff ff f3    Channel: can0

[INFO] :: 2023-05-06 01:12:37,372 :: main ::VINE ::GET_STATUS command is inserted to 1 Unit Board

[INFO] :: 2023-05-06 01:12:37,432 :: unitboard ::VINE ::Received message: Timestamp: 1683303157.380124        ID: 0300    S Rx     F          DL: 24    f8 12 10 00 4c 05 11 05 0c 00 0b 00 0b 00 0b 00 00 00 00 00 f3 ff ff f3    Channel: can0

[INFO] :: 2023-05-06 01:12:37,487 :: unitboard ::VINE ::Received message: Timestamp: 1683303157.437757        ID: 0300    S Rx     F          DL: 24    f8 14 13 00 01 01 01 01 00 00 ff ff ff ff ff 00 64 00 00 ff ff ff ff f3    Channel: can0

[INFO] :: 2023-05-06 01:12:38,041 :: main ::VINE ::GET_STATUS command is inserted to 1 Unit Board

[INFO] :: 2023-05-06 01:12:38,097 :: unitboard ::VINE ::Received message: Timestamp: 1683303158.047567        ID: 0300    S Rx     F          DL: 24    f8 12 10 00 49 05 0e 05 0b 00 0a 00 0a 00 0b 00 00 00 00 00 f3 ff ff f3    Channel: can0

[INFO] :: 2023-05-06 01:12:38,151 :: unitboard ::VINE ::Received message: Timestamp: 1683303158.101574        ID: 0300    S Rx     F          DL: 24    f8 14 13 00 01 01 01 01 00 00 ff ff ff ff ff 00 64 00 00 ff ff ff ff f3    Channel: can0

[INFO] :: 2023-05-06 01:12:38,638 :: main ::VINE ::GET_STATUS command is inserted to 1 Unit Board

[INFO] :: 2023-05-06 01:12:38,694 :: unitboard ::VINE ::Received message: Timestamp: 1683303158.644345        ID: 0300    S Rx     F          DL: 24    f8 12 10 00 49 05 0e 05 0b 00 0b 00 0b 00 0b 00 00 00 00 00 f3 ff ff f3    Channel: can0

[INFO] :: 2023-05-06 01:12:38,748 :: unitboard ::VINE ::Received message: Timestamp: 1683303158.698480        ID: 0300    S Rx     F          DL: 24    f8 14 13 00 01 01 01 01 00 00 ff ff ff ff ff 00 64 00 00 ff ff ff ff f3    Channel: can0

[INFO] :: 2023-05-06 01:12:39,240 :: main ::VINE ::GET_STATUS command is inserted to 1 Unit Board

[INFO] :: 2023-05-06 01:12:39,296 :: unitboard ::VINE ::Received message: Timestamp: 1683303159.246625        ID: 0300    S Rx     F          DL: 24    f8 12 10 00 4a 05 0f 05 0b 00 0b 00 0b 00 0b 00 00 00 00 00 f3 ff ff f3    Channel: can0

[INFO] :: 2023-05-06 01:12:39,350 :: unitboard ::VINE ::Received message: Timestamp: 1683303159.300889        ID: 0300    S Rx     F          DL: 24    f8 14 13 00 01 01 01 01 00 00 ff ff ff ff ff 00 64 00 00 ff ff ff ff f3    Channel: can0

[INFO] :: 2023-05-06 01:12:39,760 :: main ::VINE ::GET_STATUS command is inserted to 1 Unit Board

[INFO] :: 2023-05-06 01:12:39,816 :: unitboard ::VINE ::Received message: Timestamp: 1683303159.766237        ID: 0300    S Rx     F          DL: 24    f8 12 10 00 49 05 0e 05 0b 00 0b 00 0b 00 0a 00 00 00 00 00 f3 ff ff f3    Channel: can0

[INFO] :: 2023-05-06 01:12:39,870 :: unitboard ::VINE ::Received message: Timestamp: 1683303159.820549        ID: 0300    S Rx     F          DL: 24    f8 14 13 00 01 01 01 01 00 00 ff ff ff ff ff 00 64 00 00 ff ff ff ff f3    Channel: can0

[INFO] :: 2023-05-06 01:14:13,397 :: main ::VINE ::SET_GPIO command is inserted to 1 Unit Board

[INFO] :: 2023-05-06 01:14:13,453 :: unitboard ::VINE ::Received message: Timestamp: 1683303253.404111        ID: 0300    S Rx     F          DL: 24    f8 13 13 00 04 01 01 01 00 00 ff ff ff ff ff 00 64 00 00 ff ff ff ff f3    Channel: can0

[INFO] :: 2023-05-06 01:14:14,906 :: main ::VINE ::SET_TEMP command is inserted to 1 Unit Board

[INFO] :: 2023-05-06 01:14:14,966 :: unitboard ::VINE ::Received message: Timestamp: 1683303254.917375        ID: 0300    S Rx     F          DL: 24    f8 13 13 00 04 01 01 01 00 00 ff ff ff ff ff 00 64 00 00 ff ff ff ff f3    Channel: can0

[INFO] :: 2023-05-06 01:14:15,625 :: main ::VINE ::SET_GPIO command is inserted to 1 Unit Board

[INFO] :: 2023-05-06 01:14:15,681 :: unitboard ::VINE ::Received message: Timestamp: 1683303255.632256        ID: 0300    S Rx     F          DL: 24    f8 13 13 00 04 01 01 01 00 00 ff ff ff ff ff 00 64 00 00 ff ff ff ff f3    Channel: can0

[INFO] :: 2023-05-06 01:14:16,116 :: main ::VINE ::SET_TEMP command is inserted to 1 Unit Board

[INFO] :: 2023-05-06 01:14:16,177 :: unitboard ::VINE ::Received message: Timestamp: 1683303256.127638        ID: 0300    S Rx     F          DL: 24    f8 13 13 00 04 01 01 01 00 00 ff ff ff ff ff 00 64 00 00 ff ff ff ff f3    Channel: can0

[INFO] :: 2023-05-06 01:14:16,519 :: main ::VINE ::SET_GPIO command is inserted to 1 Unit Board

[INFO] :: 2023-05-06 01:14:16,575 :: unitboard ::VINE ::Received message: Timestamp: 1683303256.525903        ID: 0300    S Rx     F          DL: 24    f8 13 13 00 04 01 01 01 00 00 ff ff ff ff ff 00 64 00 00 ff ff ff ff f3    Channel: can0

[INFO] :: 2023-05-06 01:14:16,930 :: main ::VINE ::SET_TEMP command is inserted to 1 Unit Board

[INFO] :: 2023-05-06 01:14:16,991 :: unitboard ::VINE ::Received message: Timestamp: 1683303256.942012        ID: 0300    S Rx     F          DL: 24    f8 13 13 00 04 01 01 01 00 00 ff ff ff ff ff 00 64 00 00 ff ff ff ff f3    Channel: can0

[INFO] :: 2023-05-06 01:14:17,345 :: main ::VINE ::SET_GPIO command is inserted to 1 Unit Board

[INFO] :: 2023-05-06 01:14:17,401 :: unitboard ::VINE ::Received message: Timestamp: 1683303257.351513        ID: 0300    S Rx     F          DL: 24    f8 13 13 00 04 01 01 01 00 00 ff ff ff ff ff 00 64 00 00 ff ff ff ff f3    Channel: can0

[INFO] :: 2023-05-06 01:14:17,714 :: main ::VINE ::SET_TEMP command is inserted to 1 Unit Board

[INFO] :: 2023-05-06 01:14:17,775 :: unitboard ::VINE ::Received message: Timestamp: 1683303257.726075        ID: 0300    S Rx     F          DL: 24    f8 13 13 00 04 01 01 01 00 00 ff ff ff ff ff 00 64 00 00 ff ff ff ff f3    Channel: can0

[INFO] :: 2023-05-06 01:14:18,124 :: main ::VINE ::SET_GPIO command is inserted to 1 Unit Board

[INFO] :: 2023-05-06 01:14:18,180 :: unitboard ::VINE ::Received message: Timestamp: 1683303258.130833        ID: 0300    S Rx     F          DL: 24    f8 13 13 00 04 01 01 01 00 00 ff ff ff ff ff 00 64 00 00 ff ff ff ff f3    Channel: can0

[INFO] :: 2023-05-06 01:14:18,516 :: main ::VINE ::SET_TEMP command is inserted to 1 Unit Board

[INFO] :: 2023-05-06 01:14:18,577 :: unitboard ::VINE ::Received message: Timestamp: 1683303258.527630        ID: 0300    S Rx     F          DL: 24    f8 13 13 00 04 01 01 01 00 00 ff ff ff ff ff 00 64 00 00 ff ff ff ff f3    Channel: can0

[INFO] :: 2023-05-06 01:14:18,934 :: main ::VINE ::SET_GPIO command is inserted to 1 Unit Board

[INFO] :: 2023-05-06 01:14:18,990 :: unitboard ::VINE ::Received message: Timestamp: 1683303258.940573        ID: 0300    S Rx     F          DL: 24    f8 13 13 00 04 01 01 01 00 00 ff ff ff ff ff 00 64 00 00 ff ff ff ff f3    Channel: can0

[INFO] :: 2023-05-06 01:14:19,341 :: main ::VINE ::SET_TEMP command is inserted to 1 Unit Board

[INFO] :: 2023-05-06 01:14:19,403 :: unitboard ::VINE ::Received message: Timestamp: 1683303259.353484        ID: 0300    S Rx     F          DL: 24    f8 13 13 00 04 01 01 01 00 00 ff ff ff ff ff 00 64 00 00 ff ff ff ff f3    Channel: can0

[INFO] :: 2023-05-06 01:14:20,329 :: main ::VINE ::SET_TEMP command is inserted to 1 Unit Board

[INFO] :: 2023-05-06 01:14:20,390 :: unitboard ::VINE ::Received message: Timestamp: 1683303260.341255        ID: 0300    S Rx     F          DL: 24    f8 13 13 00 04 01 01 01 00 00 ff ff ff ff ff 00 64 00 00 ff ff ff ff f3    Channel: can0

[INFO] :: 2023-05-06 01:14:20,782 :: main ::VINE ::SET_GPIO command is inserted to 1 Unit Board

[INFO] :: 2023-05-06 01:14:20,836 :: unitboard ::VINE ::Received message: Timestamp: 1683303260.786285        ID: 0300    S Rx     F          DL: 24    f8 13 13 00 04 01 01 01 00 00 ff ff ff ff ff 00 64 00 00 ff ff ff ff f3    Channel: can0

[INFO] :: 2023-05-06 01:14:21,286 :: main ::VINE ::SET_TEMP command is inserted to 1 Unit Board

[INFO] :: 2023-05-06 01:14:21,342 :: unitboard ::VINE ::Received message: Timestamp: 1683303261.292308        ID: 0300    S Rx     F          DL: 24    f8 13 13 00 04 01 01 01 00 00 ff ff ff ff ff 00 64 00 00 ff ff ff ff f3    Channel: can0

[INFO] :: 2023-05-06 01:14:21,937 :: main ::VINE ::SET_GPIO command is inserted to 1 Unit Board

[INFO] :: 2023-05-06 01:14:21,990 :: unitboard ::VINE ::Received message: Timestamp: 1683303261.940553        ID: 0300    S Rx     F          DL: 24    f8 13 13 00 04 01 01 01 00 00 ff ff ff ff ff 00 64 00 00 ff ff ff ff f3    Channel: can0

[INFO] :: 2023-05-06 01:14:22,437 :: main ::VINE ::SET_TEMP command is inserted to 1 Unit Board

[INFO] :: 2023-05-06 01:14:22,491 :: unitboard ::VINE ::Received message: Timestamp: 1683303262.442153        ID: 0300    S Rx     F          DL: 24    f8 13 13 00 04 01 01 01 00 00 ff ff ff ff ff 00 64 00 00 ff ff ff ff f3    Channel: can0

[INFO] :: 2023-05-06 01:14:22,868 :: main ::VINE ::SET_GPIO command is inserted to 1 Unit Board

[INFO] :: 2023-05-06 01:14:22,921 :: unitboard ::VINE ::Received message: Timestamp: 1683303262.871838        ID: 0300    S Rx     F          DL: 24    f8 13 13 00 04 01 01 01 00 00 ff ff ff ff ff 00 64 00 00 ff ff ff ff f3    Channel: can0

[INFO] :: 2023-05-06 01:14:23,229 :: main ::VINE ::SET_TEMP command is inserted to 1 Unit Board

[INFO] :: 2023-05-06 01:14:23,283 :: unitboard ::VINE ::Received message: Timestamp: 1683303263.234141        ID: 0300    S Rx     F          DL: 24    f8 13 13 00 04 01 01 01 00 00 ff ff ff ff ff 00 64 00 00 ff ff ff ff f3    Channel: can0

[INFO] :: 2023-05-06 01:14:23,617 :: main ::VINE ::SET_GPIO command is inserted to 1 Unit Board

[INFO] :: 2023-05-06 01:14:23,670 :: unitboard ::VINE ::Received message: Timestamp: 1683303263.620773        ID: 0300    S Rx     F          DL: 24    f8 13 13 00 04 01 01 01 00 00 ff ff ff ff ff 00 64 00 00 ff ff ff ff f3    Channel: can0

[INFO] :: 2023-05-06 01:14:23,990 :: main ::VINE ::SET_TEMP command is inserted to 1 Unit Board

[INFO] :: 2023-05-06 01:14:24,045 :: unitboard ::VINE ::Received message: Timestamp: 1683303263.995550        ID: 0300    S Rx     F          DL: 24    f8 13 13 00 04 01 01 01 00 00 ff ff ff ff ff 00 64 00 00 ff ff ff ff f3    Channel: can0

[INFO] :: 2023-05-06 01:14:24,411 :: main ::VINE ::SET_GPIO command is inserted to 1 Unit Board

[INFO] :: 2023-05-06 01:14:24,464 :: unitboard ::VINE ::Received message: Timestamp: 1683303264.414936        ID: 0300    S Rx     F          DL: 24    f8 13 13 00 04 01 01 01 00 00 ff ff ff ff ff 00 64 00 00 ff ff ff ff f3    Channel: can0

[INFO] :: 2023-05-06 01:14:25,832 :: main ::VINE ::GET_STATUS command is inserted to 1 Unit Board

[INFO] :: 2023-05-06 01:14:25,887 :: unitboard ::VINE ::Received message: Timestamp: 1683303265.837813        ID: 0300    S Rx     F          DL: 24    f8 12 10 00 4d 05 12 05 0b 00 0b 00 0b 00 0b 00 00 00 00 00 f3 ff ff f3    Channel: can0

[INFO] :: 2023-05-06 01:14:25,941 :: unitboard ::VINE ::Received message: Timestamp: 1683303265.891608        ID: 0300    S Rx     F          DL: 24    f8 14 13 00 01 01 01 01 00 00 ff ff ff ff ff 00 64 00 00 ff ff ff ff f3    Channel: can0

[INFO] :: 2023-05-06 01:14:27,160 :: main ::VINE ::GET_STATUS command is inserted to 1 Unit Board

[INFO] :: 2023-05-06 01:14:27,216 :: unitboard ::VINE ::Received message: Timestamp: 1683303267.166742        ID: 0300    S Rx     F          DL: 24    f8 12 10 00 49 05 0f 05 0b 00 0b 00 0a 00 0a 00 00 00 00 00 f3 ff ff f3    Channel: can0

[INFO] :: 2023-05-06 01:14:27,270 :: unitboard ::VINE ::Received message: Timestamp: 1683303267.220846        ID: 0300    S Rx     F          DL: 24    f8 14 13 00 01 01 01 01 00 00 ff ff ff ff ff 00 64 00 00 ff ff ff ff f3    Channel: can0

[INFO] :: 2023-05-06 01:14:43,185 :: main ::VINE ::SET_TEMP command is inserted to 1 Unit Board

[INFO] :: 2023-05-06 01:14:43,247 :: unitboard ::VINE ::Received message: Timestamp: 1683303283.197986        ID: 0300    S Rx     F          DL: 24    f8 13 13 00 04 01 01 01 00 00 ff ff ff ff ff 00 64 00 00 ff ff ff ff f3    Channel: can0

[INFO] :: 2023-05-06 01:14:44,375 :: main ::VINE ::GET_STATUS command is inserted to 1 Unit Board

[INFO] :: 2023-05-06 01:14:44,431 :: unitboard ::VINE ::Received message: Timestamp: 1683303284.381512        ID: 0300    S Rx     F          DL: 24    f8 12 10 00 4c 05 11 05 0b 00 0b 00 0b 00 0b 00 00 00 00 00 f3 ff ff f3    Channel: can0

[INFO] :: 2023-05-06 01:14:44,484 :: unitboard ::VINE ::Received message: Timestamp: 1683303284.435035        ID: 0300    S Rx     F          DL: 24    f8 14 13 00 00 00 00 00 00 00 ff ff ff ff ff 03 98 00 00 ff ff ff ff f3    Channel: can0

[INFO] :: 2023-05-06 01:14:45,546 :: main ::VINE ::GET_STATUS command is inserted to 1 Unit Board

[INFO] :: 2023-05-06 01:14:45,603 :: unitboard ::VINE ::Received message: Timestamp: 1683303285.552897        ID: 0300    S Rx     F          DL: 24    f8 12 10 00 45 05 0b 05 0b 00 0b 00 0b 00 0b 00 00 00 00 00 f3 ff ff f3    Channel: can0

[INFO] :: 2023-05-06 01:14:45,658 :: unitboard ::VINE ::Received message: Timestamp: 1683303285.607828        ID: 0300    S Rx     F          DL: 24    f8 14 13 00 00 00 00 00 00 00 ff ff ff ff ff 03 98 00 00 ff ff ff ff f3    Channel: can0

[INFO] :: 2023-05-06 01:14:46,267 :: main ::VINE ::GET_STATUS command is inserted to 1 Unit Board

[INFO] :: 2023-05-06 01:14:46,324 :: unitboard ::VINE ::Received message: Timestamp: 1683303286.273930        ID: 0300    S Rx     F          DL: 24    f8 12 10 00 4f 05 14 05 0b 00 0b 00 0b 00 0a 00 00 00 00 00 f3 ff ff f3    Channel: can0

[INFO] :: 2023-05-06 01:14:46,380 :: unitboard ::VINE ::Received message: Timestamp: 1683303286.328759        ID: 0300    S Rx     F          DL: 24    f8 14 13 00 00 00 00 00 00 00 ff ff ff ff ff 03 98 00 00 ff ff ff ff f3    Channel: can0

[INFO] :: 2023-05-06 01:14:46,819 :: main ::VINE ::GET_STATUS command is inserted to 1 Unit Board

[INFO] :: 2023-05-06 01:14:46,878 :: unitboard ::VINE ::Received message: Timestamp: 1683303286.825421        ID: 0300    S Rx     F          DL: 24    f8 12 10 00 4b 05 10 05 0b 00 0b 00 0b 00 0b 00 00 00 00 00 f3 ff ff f3    Channel: can0

[INFO] :: 2023-05-06 01:14:46,932 :: unitboard ::VINE ::Received message: Timestamp: 1683303286.882743        ID: 0300    S Rx     F          DL: 24    f8 14 13 00 00 00 00 00 00 00 ff ff ff ff ff 03 98 00 00 ff ff ff ff f3    Channel: can0

[INFO] :: 2023-05-06 01:14:52,005 :: main ::VINE ::GET_STATUS command is inserted to 1 Unit Board

[INFO] :: 2023-05-06 01:14:52,061 :: unitboard ::VINE ::Received message: Timestamp: 1683303292.012100        ID: 0300    S Rx     F          DL: 24    f8 12 10 00 4a 05 0e 05 0b 00 0b 00 0b 00 0b 00 00 00 00 00 f3 ff ff f3    Channel: can0

[INFO] :: 2023-05-06 01:14:52,116 :: unitboard ::VINE ::Received message: Timestamp: 1683303292.066500        ID: 0300    S Rx     F          DL: 24    f8 14 13 00 00 00 00 00 00 00 ff ff ff ff ff 02 f4 00 00 ff ff ff ff f3    Channel: can0

[INFO] :: 2023-05-06 01:14:52,805 :: main ::VINE ::GET_STATUS command is inserted to 1 Unit Board

[INFO] :: 2023-05-06 01:14:52,861 :: unitboard ::VINE ::Received message: Timestamp: 1683303292.811507        ID: 0300    S Rx     F          DL: 24    f8 12 10 00 4f 05 14 05 0b 00 0d 00 0b 00 0b 00 00 00 00 00 f3 ff ff f3    Channel: can0

[INFO] :: 2023-05-06 01:14:52,915 :: unitboard ::VINE ::Received message: Timestamp: 1683303292.865657        ID: 0300    S Rx     F          DL: 24    f8 14 13 00 00 00 00 00 00 00 ff ff ff ff ff 02 3d 00 00 ff ff ff ff f3    Channel: can0

[INFO] :: 2023-05-06 01:14:53,527 :: main ::VINE ::GET_STATUS command is inserted to 1 Unit Board

[INFO] :: 2023-05-06 01:14:53,583 :: unitboard ::VINE ::Received message: Timestamp: 1683303293.533869        ID: 0300    S Rx     F          DL: 24    f8 12 10 00 48 05 0d 05 0b 00 0b 00 0b 00 0b 00 00 00 00 00 f3 ff ff f3    Channel: can0

[INFO] :: 2023-05-06 01:14:53,639 :: unitboard ::VINE ::Received message: Timestamp: 1683303293.588181        ID: 0300    S Rx     F          DL: 24    f8 14 13 00 00 00 00 00 00 00 ff ff ff ff ff 01 83 00 00 ff ff ff ff f3    Channel: can0

[INFO] :: 2023-05-06 01:14:54,113 :: main ::VINE ::GET_STATUS command is inserted to 1 Unit Board

[INFO] :: 2023-05-06 01:14:54,169 :: unitboard ::VINE ::Received message: Timestamp: 1683303294.119618        ID: 0300    S Rx     F          DL: 24    f8 12 10 00 4a 05 0f 05 0c 00 0b 00 0b 00 0a 00 00 00 00 00 f3 ff ff f3    Channel: can0

[INFO] :: 2023-05-06 01:14:54,223 :: unitboard ::VINE ::Received message: Timestamp: 1683303294.174068        ID: 0300    S Rx     F          DL: 24    f8 14 13 00 00 00 00 00 00 00 ff ff ff ff ff 01 83 00 00 ff ff ff ff f3    Channel: can0

[INFO] :: 2023-05-06 01:14:54,647 :: main ::VINE ::GET_STATUS command is inserted to 1 Unit Board

[INFO] :: 2023-05-06 01:14:54,703 :: unitboard ::VINE ::Received message: Timestamp: 1683303294.653021        ID: 0300    S Rx     F          DL: 24    f8 12 10 00 4d 05 12 05 0b 00 0b 00 0b 00 0b 00 00 00 00 00 f3 ff ff f3    Channel: can0

[INFO] :: 2023-05-06 01:14:54,757 :: unitboard ::VINE ::Received message: Timestamp: 1683303294.707642        ID: 0300    S Rx     F          DL: 24    f8 14 13 00 00 00 00 00 00 00 ff ff ff ff ff 00 cc 00 00 ff ff ff ff f3    Channel: can0

[INFO] :: 2023-05-06 01:14:55,215 :: main ::VINE ::GET_STATUS command is inserted to 1 Unit Board

[INFO] :: 2023-05-06 01:14:55,274 :: unitboard ::VINE ::Received message: Timestamp: 1683303295.220994        ID: 0300    S Rx     F          DL: 24    f8 12 10 00 4e 05 14 05 0b 00 0b 00 0b 00 0b 00 00 00 00 00 f3 ff ff f3    Channel: can0

[INFO] :: 2023-05-06 01:14:55,328 :: unitboard ::VINE ::Received message: Timestamp: 1683303295.278708        ID: 0300    S Rx     F          DL: 24    f8 14 13 00 00 00 00 00 00 00 ff ff ff ff ff 00 cc 00 00 ff ff ff ff f3    Channel: can0

[INFO] :: 2023-05-06 01:14:55,725 :: main ::VINE ::GET_STATUS command is inserted to 1 Unit Board

[INFO] :: 2023-05-06 01:14:55,782 :: unitboard ::VINE ::Received message: Timestamp: 1683303295.733000        ID: 0300    S Rx     F          DL: 24    f8 12 10 00 42 05 09 05 0b 00 0b 00 0b 00 0b 00 00 00 00 00 f3 ff ff f3    Channel: can0

[INFO] :: 2023-05-06 01:14:55,837 :: unitboard ::VINE ::Received message: Timestamp: 1683303295.787445        ID: 0300    S Rx     F          DL: 24    f8 14 13 00 00 00 00 00 00 00 ff ff ff ff ff 00 12 00 00 ff ff ff ff f3    Channel: can0

[INFO] :: 2023-05-06 01:14:56,247 :: main ::VINE ::GET_STATUS command is inserted to 1 Unit Board

[INFO] :: 2023-05-06 01:14:56,303 :: unitboard ::VINE ::Received message: Timestamp: 1683303296.253515        ID: 0300    S Rx     F          DL: 24    f8 12 10 00 40 05 08 05 0b 00 0b 00 0b 00 0a 00 00 00 00 00 f3 ff ff f3    Channel: can0

[INFO] :: 2023-05-06 01:14:56,358 :: unitboard ::VINE ::Received message: Timestamp: 1683303296.308505        ID: 0300    S Rx     F          DL: 24    f8 14 13 00 00 00 00 00 00 00 ff ff ff ff ff 00 12 00 00 ff ff ff ff f3    Channel: can0

[INFO] :: 2023-05-06 01:14:56,758 :: main ::VINE ::GET_STATUS command is inserted to 1 Unit Board

[INFO] :: 2023-05-06 01:14:56,815 :: unitboard ::VINE ::Received message: Timestamp: 1683303296.765485        ID: 0300    S Rx     F          DL: 24    f8 12 10 00 3d 05 05 05 0c 00 0b 00 0b 00 0b 00 00 00 00 00 f3 ff ff f3    Channel: can0

[INFO] :: 2023-05-06 01:14:56,869 :: unitboard ::VINE ::Received message: Timestamp: 1683303296.819272        ID: 0300    S Rx     F          DL: 24    f8 14 13 00 00 00 00 00 00 00 ff ff ff ff ff 00 00 00 00 ff ff ff ff f3    Channel: can0

[INFO] :: 2023-05-06 01:14:57,295 :: main ::VINE ::GET_STATUS command is inserted to 1 Unit Board

[INFO] :: 2023-05-06 01:14:57,347 :: unitboard ::VINE ::Received message: Timestamp: 1683303297.298165        ID: 0300    S Rx     F          DL: 24    f8 12 10 00 3c 05 04 05 0b 00 0b 00 0b 00 0b 00 00 00 00 00 f3 ff ff f3    Channel: can0

[INFO] :: 2023-05-06 01:14:57,400 :: unitboard ::VINE ::Received message: Timestamp: 1683303297.350247        ID: 0300    S Rx     F          DL: 24    f8 14 13 00 00 00 00 00 00 00 ff ff ff ff ff 00 00 00 00 ff ff ff ff f3    Channel: can0

[INFO] :: 2023-05-06 01:18:02,425 :: main ::VINE ::SET_TEMP command is inserted to 1 Unit Board

[INFO] :: 2023-05-06 01:18:02,480 :: unitboard ::VINE ::Received message: Timestamp: 1683303482.430499        ID: 0300    S Rx     F          DL: 24    f8 13 13 00 04 00 00 00 00 00 ff ff ff ff ff 00 00 00 00 ff ff ff ff f3    Channel: can0

[INFO] :: 2023-05-06 01:18:03,673 :: main ::VINE ::GET_STATUS command is inserted to 1 Unit Board

[INFO] :: 2023-05-06 01:18:03,726 :: unitboard ::VINE ::Received message: Timestamp: 1683303483.677100        ID: 0300    S Rx     F          DL: 24    f8 12 10 00 3d 05 05 05 0b 00 0b 00 0b 00 0b 00 00 00 00 00 f3 ff ff f3    Channel: can0

[INFO] :: 2023-05-06 01:18:03,779 :: unitboard ::VINE ::Received message: Timestamp: 1683303483.749266        ID: 0300    S Rx     F          DL: 24    f8 14 13 00 00 00 00 00 00 00 ff ff ff ff ff 00 00 00 00 ff ff ff ff f3    Channel: can0

[INFO] :: 2023-05-06 01:18:04,545 :: main ::VINE ::GET_STATUS command is inserted to 1 Unit Board

[INFO] :: 2023-05-06 01:18:04,598 :: unitboard ::VINE ::Received message: Timestamp: 1683303484.548630        ID: 0300    S Rx     F          DL: 24    f8 12 10 00 41 05 09 05 0b 00 0b 00 0b 00 0b 00 00 00 00 00 f3 ff ff f3    Channel: can0

[INFO] :: 2023-05-06 01:18:04,651 :: unitboard ::VINE ::Received message: Timestamp: 1683303484.601020        ID: 0300    S Rx     F          DL: 24    f8 14 13 00 00 00 00 00 00 00 ff ff ff ff ff 00 00 00 00 ff ff ff ff f3    Channel: can0

[INFO] :: 2023-05-06 01:18:05,624 :: main ::VINE ::SET_MOTOR command is inserted to 1 Unit Board

[INFO] :: 2023-05-06 01:18:05,730 :: unitboard ::VINE ::Received message: Timestamp: 1683303485.684310        ID: 0300    S Rx     F          DL: 12    f8 11 05 00 01 00 00 00 00 f3 ff ff    Channel: can0

[INFO] :: 2023-05-06 01:18:07,310 :: main ::VINE ::GET_STATUS command is inserted to 1 Unit Board

[INFO] :: 2023-05-06 01:18:07,366 :: unitboard ::VINE ::Received message: Timestamp: 1683303487.317308        ID: 0300    S Rx     F          DL: 24    f8 12 10 00 4e 05 13 05 0b 00 0b 00 0b 00 0b 00 00 00 00 00 f3 ff ff f3    Channel: can0

[INFO] :: 2023-05-06 01:18:07,424 :: unitboard ::VINE ::Received message: Timestamp: 1683303487.371367        ID: 0300    S Rx     F          DL: 24    f8 14 13 00 00 00 00 00 00 00 ff ff ff ff ff 00 64 00 00 ff ff ff ff f3    Channel: can0

[INFO] :: 2023-05-06 01:18:08,245 :: main ::VINE ::GET_STATUS command is inserted to 1 Unit Board

[INFO] :: 2023-05-06 01:18:08,301 :: unitboard ::VINE ::Received message: Timestamp: 1683303488.250992        ID: 0300    S Rx     F          DL: 24    f8 12 10 00 4a 05 10 05 0b 00 0b 00 0a 00 0b 00 00 00 00 00 f3 ff ff f3    Channel: can0

[INFO] :: 2023-05-06 01:18:08,355 :: unitboard ::VINE ::Received message: Timestamp: 1683303488.305716        ID: 0300    S Rx     F          DL: 24    f8 14 13 00 00 00 00 00 00 00 ff ff ff ff ff 00 64 00 00 ff ff ff ff f3    Channel: can0

[INFO] :: 2023-05-06 01:18:13,697 :: main ::VINE ::GET_STATUS command is inserted to 1 Unit Board

[INFO] :: 2023-05-06 01:18:13,754 :: unitboard ::VINE ::Received message: Timestamp: 1683303493.703940        ID: 0300    S Rx     F          DL: 24    f8 12 10 00 48 05 0e 05 0b 00 0c 00 0b 00 0b 00 00 00 00 00 f3 ff ff f3    Channel: can0

[INFO] :: 2023-05-06 01:18:13,809 :: unitboard ::VINE ::Received message: Timestamp: 1683303493.759248        ID: 0300    S Rx     F          DL: 24    f8 14 13 00 00 00 00 00 00 00 ff ff ff ff ff 01 67 00 00 ff ff ff ff f3    Channel: can0

[INFO] :: 2023-05-06 01:18:14,999 :: main ::VINE ::GET_STATUS command is inserted to 1 Unit Board

[INFO] :: 2023-05-06 01:18:15,056 :: unitboard ::VINE ::Received message: Timestamp: 1683303495.012947        ID: 0300    S Rx     F          DL: 24    f8 12 10 00 49 05 0e 05 0b 00 0b 00 0a 00 0b 00 00 00 00 00 f3 ff ff f3    Channel: can0

[INFO] :: 2023-05-06 01:18:15,110 :: unitboard ::VINE ::Received message: Timestamp: 1683303495.060329        ID: 0300    S Rx     F          DL: 24    f8 14 13 00 00 00 00 00 00 00 ff ff ff ff ff 03 98 00 00 ff ff ff ff f3    Channel: can0

[INFO] :: 2023-05-06 01:18:15,623 :: main ::VINE ::GET_STATUS command is inserted to 1 Unit Board

[INFO] :: 2023-05-06 01:18:15,681 :: unitboard ::VINE ::Received message: Timestamp: 1683303495.629644        ID: 0300    S Rx     F          DL: 24    f8 12 10 00 4c 05 12 05 0b 00 0b 00 0b 00 0b 00 00 00 00 00 f3 ff ff f3    Channel: can0

[INFO] :: 2023-05-06 01:18:15,735 :: unitboard ::VINE ::Received message: Timestamp: 1683303495.685759        ID: 0300    S Rx     F          DL: 24    f8 14 13 00 00 00 00 00 00 00 ff ff ff ff ff 03 98 00 00 ff ff ff ff f3    Channel: can0

[INFO] :: 2023-05-06 01:18:41,337 :: main ::VINE ::GET_STATUS command is inserted to 1 Unit Board

[INFO] :: 2023-05-06 01:18:41,392 :: unitboard ::VINE ::Received message: Timestamp: 1683303521.342519        ID: 0300    S Rx     F          DL: 24    f8 12 10 00 55 05 1a 05 0b 00 0b 00 0b 00 0b 00 00 00 00 00 f3 ff ff f3    Channel: can0

[INFO] :: 2023-05-06 01:18:41,446 :: unitboard ::VINE ::Received message: Timestamp: 1683303521.396838        ID: 0300    S Rx     F          DL: 24    f8 14 13 00 00 00 00 00 00 00 ff ff ff ff ff 01 ff 00 00 ff ff ff ff f3    Channel: can0

[INFO] :: 2023-05-06 01:18:42,108 :: main ::VINE ::GET_STATUS command is inserted to 1 Unit Board

[INFO] :: 2023-05-06 01:18:42,164 :: unitboard ::VINE ::Received message: Timestamp: 1683303522.114951        ID: 0300    S Rx     F          DL: 24    f8 12 10 00 4a 05 0f 05 0b 00 0b 00 0b 00 0b 00 00 00 00 00 f3 ff ff f3    Channel: can0

[INFO] :: 2023-05-06 01:18:42,220 :: unitboard ::VINE ::Received message: Timestamp: 1683303522.170345        ID: 0300    S Rx     F          DL: 24    f8 14 13 00 00 00 00 00 00 00 ff ff ff ff ff 01 46 00 00 ff ff ff ff f3    Channel: can0

[INFO] :: 2023-05-06 01:18:42,792 :: main ::VINE ::GET_STATUS command is inserted to 1 Unit Board

[INFO] :: 2023-05-06 01:18:42,845 :: unitboard ::VINE ::Received message: Timestamp: 1683303522.795226        ID: 0300    S Rx     F          DL: 24    f8 12 10 00 52 05 16 05 0b 00 0b 00 0b 00 0b 00 00 00 00 00 f3 ff ff f3    Channel: can0

[INFO] :: 2023-05-06 01:18:42,897 :: unitboard ::VINE ::Received message: Timestamp: 1683303522.847635        ID: 0300    S Rx     F          DL: 24    f8 14 13 00 00 00 00 00 00 00 ff ff ff ff ff 00 8e 00 00 ff ff ff ff f3    Channel: can0

[INFO] :: 2023-05-06 01:18:43,369 :: main ::VINE ::GET_STATUS command is inserted to 1 Unit Board

[INFO] :: 2023-05-06 01:18:43,422 :: unitboard ::VINE ::Received message: Timestamp: 1683303523.373000        ID: 0300    S Rx     F          DL: 24    f8 12 10 00 44 05 0c 05 0b 00 0b 00 0b 00 0b 00 00 00 00 00 f3 ff ff f3    Channel: can0

[INFO] :: 2023-05-06 01:18:43,475 :: unitboard ::VINE ::Received message: Timestamp: 1683303523.425544        ID: 0300    S Rx     F          DL: 24    f8 14 13 00 00 00 00 00 00 00 ff ff ff ff ff 00 8e 00 00 ff ff ff ff f3    Channel: can0

[INFO] :: 2023-05-06 01:18:43,889 :: main ::VINE ::GET_STATUS command is inserted to 1 Unit Board

[INFO] :: 2023-05-06 01:18:43,941 :: unitboard ::VINE ::Received message: Timestamp: 1683303523.892090        ID: 0300    S Rx     F          DL: 24    f8 12 10 00 40 05 08 05 0b 00 0b 00 0b 00 0b 00 00 00 00 00 f3 ff ff f3    Channel: can0

[INFO] :: 2023-05-06 01:18:43,993 :: unitboard ::VINE ::Received message: Timestamp: 1683303523.944155        ID: 0300    S Rx     F          DL: 24    f8 14 13 00 00 00 00 00 00 00 ff ff ff ff ff 00 00 00 00 ff ff ff ff f3    Channel: can0

[INFO] :: 2023-05-06 01:18:44,449 :: main ::VINE ::GET_STATUS command is inserted to 1 Unit Board

[INFO] :: 2023-05-06 01:18:44,502 :: unitboard ::VINE ::Received message: Timestamp: 1683303524.452729        ID: 0300    S Rx     F          DL: 24    f8 12 10 00 42 05 0b 05 0b 00 0b 00 0b 00 0b 00 00 00 00 00 f3 ff ff f3    Channel: can0

[INFO] :: 2023-05-06 01:18:44,554 :: unitboard ::VINE ::Received message: Timestamp: 1683303524.504848        ID: 0300    S Rx     F          DL: 24    f8 14 13 00 00 00 00 00 00 00 ff ff ff ff ff 00 00 00 00 ff ff ff ff f3    Channel: can0

[INFO] :: 2023-05-06 01:18:45,132 :: main ::VINE ::GET_STATUS command is inserted to 1 Unit Board

[INFO] :: 2023-05-06 01:18:45,185 :: unitboard ::VINE ::Received message: Timestamp: 1683303525.135494        ID: 0300    S Rx     F          DL: 24    f8 12 10 00 3f 05 08 05 0b 00 0b 00 0a 00 0b 00 00 00 00 00 f3 ff ff f3    Channel: can0

[INFO] :: 2023-05-06 01:18:45,237 :: unitboard ::VINE ::Received message: Timestamp: 1683303525.187439        ID: 0300    S Rx     F          DL: 24    f8 14 13 00 00 00 00 00 00 00 ff ff ff ff ff 00 00 00 00 ff ff ff ff f3    Channel: can0

[INFO] :: 2023-05-06 02:59:15,580 :: main ::VINE ::SET_GPIO command is inserted to 1 Unit Board

[INFO] :: 2023-05-06 02:59:15,636 :: unitboard ::VINE ::Received message: Timestamp: 1683309555.586632        ID: 0300    S Rx     F          DL: 24    f8 13 13 00 04 00 00 00 00 00 00 00 00 00 00 00 00 00 00 00 00 00 00 f3    Channel: can0

[INFO] :: 2023-05-06 02:59:16,689 :: main ::VINE ::SET_TEMP command is inserted to 1 Unit Board

[INFO] :: 2023-05-06 02:59:16,750 :: unitboard ::VINE ::Received message: Timestamp: 1683309556.700037        ID: 0300    S Rx     F          DL: 24    f8 13 13 00 04 00 00 00 00 00 00 00 00 00 00 00 00 00 00 00 00 00 00 f3    Channel: can0

[INFO] :: 2023-05-06 02:59:17,413 :: main ::VINE ::SET_GPIO command is inserted to 1 Unit Board

[INFO] :: 2023-05-06 02:59:17,469 :: unitboard ::VINE ::Received message: Timestamp: 1683309557.419596        ID: 0300    S Rx     F          DL: 24    f8 13 13 00 04 00 00 00 00 00 00 00 00 00 00 00 00 00 00 00 00 00 00 f3    Channel: can0

[INFO] :: 2023-05-06 02:59:18,665 :: main ::VINE ::GET_STATUS command is inserted to 1 Unit Board

[INFO] :: 2023-05-06 02:59:18,721 :: unitboard ::VINE ::Received message: Timestamp: 1683309558.671272        ID: 0300    S Rx     F          DL: 24    f8 12 10 00 31 05 fd 04 0b 00 0b 00 0a 00 0b 00 00 00 00 00 f3 00 00 f3    Channel: can0

[INFO] :: 2023-05-06 02:59:18,775 :: unitboard ::VINE ::Received message: Timestamp: 1683309558.725711        ID: 0300    S Rx     F          DL: 24    f8 14 13 00 01 01 01 01 00 00 ff ff ff ff ff 00 00 00 00 ff ff ff ff f3    Channel: can0

[INFO] :: 2023-05-06 02:59:22,496 :: main ::VINE ::GET_STATUS command is inserted to 1 Unit Board

[INFO] :: 2023-05-06 02:59:22,554 :: unitboard ::VINE ::Received message: Timestamp: 1683309562.502681        ID: 0300    S Rx     F          DL: 24    f8 12 10 00 34 05 ff 04 0b 00 0b 00 0b 00 0a 00 00 00 00 00 f3 ff ff f3    Channel: can0

[INFO] :: 2023-05-06 02:59:22,611 :: unitboard ::VINE ::Received message: Timestamp: 1683309562.559168        ID: 0300    S Rx     F          DL: 24    f8 14 13 00 01 01 01 01 00 00 ff ff ff ff ff 00 00 00 00 ff ff ff ff f3    Channel: can0

[INFO] :: 2023-05-06 02:59:23,367 :: main ::VINE ::GET_STATUS command is inserted to 1 Unit Board

[INFO] :: 2023-05-06 02:59:23,423 :: unitboard ::VINE ::Received message: Timestamp: 1683309563.373414        ID: 0300    S Rx     F          DL: 24    f8 12 10 00 35 05 00 05 0b 00 0b 00 0b 00 0b 00 00 00 00 00 f3 ff ff f3    Channel: can0

[INFO] :: 2023-05-06 02:59:23,477 :: unitboard ::VINE ::Received message: Timestamp: 1683309563.427641        ID: 0300    S Rx     F          DL: 24    f8 14 13 00 01 01 01 01 00 00 ff ff ff ff ff 00 00 00 00 ff ff ff ff f3    Channel: can0

[INFO] :: 2023-05-06 02:59:24,648 :: main ::VINE ::GET_STATUS command is inserted to 1 Unit Board

[INFO] :: 2023-05-06 02:59:24,704 :: unitboard ::VINE ::Received message: Timestamp: 1683309564.654921        ID: 0300    S Rx     F          DL: 24    f8 12 10 00 36 05 01 05 0b 00 0b 00 0b 00 0a 00 00 00 00 00 f3 ff ff f3    Channel: can0

[INFO] :: 2023-05-06 02:59:24,758 :: unitboard ::VINE ::Received message: Timestamp: 1683309564.708985        ID: 0300    S Rx     F          DL: 24    f8 14 13 00 01 01 01 01 00 00 ff ff ff ff ff 00 00 00 00 ff ff ff ff f3    Channel: can0

[INFO] :: 2023-05-06 02:59:25,420 :: main ::VINE ::GET_STATUS command is inserted to 1 Unit Board

[INFO] :: 2023-05-06 02:59:25,475 :: unitboard ::VINE ::Received message: Timestamp: 1683309565.426133        ID: 0300    S Rx     F          DL: 24    f8 12 10 00 3a 05 05 05 0b 00 0b 00 0b 00 0b 00 00 00 00 00 f3 ff ff f3    Channel: can0

[INFO] :: 2023-05-06 02:59:25,530 :: unitboard ::VINE ::Received message: Timestamp: 1683309565.480325        ID: 0300    S Rx     F          DL: 24    f8 14 13 00 01 01 01 01 00 00 ff ff ff ff ff 00 00 00 00 ff ff ff ff f3    Channel: can0

[INFO] :: 2023-05-06 02:59:30,356 :: main ::VINE ::GET_STATUS command is inserted to 1 Unit Board

[INFO] :: 2023-05-06 02:59:30,412 :: unitboard ::VINE ::Received message: Timestamp: 1683309570.362008        ID: 0300    S Rx     F          DL: 24    f8 12 10 00 39 05 05 05 0b 00 0b 00 0b 00 0b 00 00 00 00 00 f3 ff ff f3    Channel: can0

[INFO] :: 2023-05-06 02:59:30,467 :: unitboard ::VINE ::Received message: Timestamp: 1683309570.417202        ID: 0300    S Rx     F          DL: 24    f8 14 13 00 01 01 01 01 00 00 ff ff ff ff ff 00 00 00 00 ff ff ff ff f3    Channel: can0

[INFO] :: 2023-05-06 02:59:31,298 :: main ::VINE ::GET_STATUS command is inserted to 1 Unit Board

[INFO] :: 2023-05-06 02:59:31,357 :: unitboard ::VINE ::Received message: Timestamp: 1683309571.305547        ID: 0300    S Rx     F          DL: 24    f8 12 10 00 35 05 01 05 0b 00 0b 00 0b 00 0b 00 00 00 00 00 f3 ff ff f3    Channel: can0

[INFO] :: 2023-05-06 02:59:31,413 :: unitboard ::VINE ::Received message: Timestamp: 1683309571.361607        ID: 0300    S Rx     F          DL: 24    f8 14 13 00 01 01 01 01 00 00 ff ff ff ff ff 00 00 00 00 ff ff ff ff f3    Channel: can0

[INFO] :: 2023-05-06 02:59:32,135 :: main ::VINE ::GET_STATUS command is inserted to 1 Unit Board

[INFO] :: 2023-05-06 02:59:32,194 :: unitboard ::VINE ::Received message: Timestamp: 1683309572.141566        ID: 0300    S Rx     F          DL: 24    f8 12 10 00 38 05 03 05 0b 00 0b 00 0b 00 0a 00 00 00 00 00 f3 ff ff f3    Channel: can0

[INFO] :: 2023-05-06 02:59:32,250 :: unitboard ::VINE ::Received message: Timestamp: 1683309572.199590        ID: 0300    S Rx     F          DL: 24    f8 14 13 00 01 01 01 01 00 00 ff ff ff ff ff 00 00 00 00 ff ff ff ff f3    Channel: can0

[INFO] :: 2023-05-06 02:59:32,913 :: main ::VINE ::GET_STATUS command is inserted to 1 Unit Board

[INFO] :: 2023-05-06 02:59:32,965 :: unitboard ::VINE ::Received message: Timestamp: 1683309572.916166        ID: 0300    S Rx     F          DL: 24    f8 12 10 00 3a 05 05 05 0b 00 0b 00 0b 00 0b 00 00 00 00 00 f3 ff ff f3    Channel: can0

[INFO] :: 2023-05-06 02:59:33,017 :: unitboard ::VINE ::Received message: Timestamp: 1683309572.968107        ID: 0300    S Rx     F          DL: 24    f8 14 13 00 01 01 01 01 00 00 ff ff ff ff ff 00 00 00 00 ff ff ff ff f3    Channel: can0

[INFO] :: 2023-05-06 02:59:33,610 :: main ::VINE ::GET_STATUS command is inserted to 1 Unit Board

[INFO] :: 2023-05-06 02:59:33,663 :: unitboard ::VINE ::Received message: Timestamp: 1683309573.613562        ID: 0300    S Rx     F          DL: 24    f8 12 10 00 38 05 03 05 0b 00 0b 00 0b 00 0b 00 00 00 00 00 f3 ff ff f3    Channel: can0

[INFO] :: 2023-05-06 02:59:33,715 :: unitboard ::VINE ::Received message: Timestamp: 1683309573.665660        ID: 0300    S Rx     F          DL: 24    f8 14 13 00 01 01 01 01 00 00 ff ff ff ff ff 00 00 00 00 ff ff ff ff f3    Channel: can0

[INFO] :: 2023-05-06 02:59:34,293 :: main ::VINE ::GET_STATUS command is inserted to 1 Unit Board

[INFO] :: 2023-05-06 02:59:34,346 :: unitboard ::VINE ::Received message: Timestamp: 1683309574.296527        ID: 0300    S Rx     F          DL: 24    f8 12 10 00 3b 05 07 05 0b 00 0b 00 0b 00 0b 00 00 00 00 00 f3 ff ff f3    Channel: can0

[INFO] :: 2023-05-06 02:59:34,398 :: unitboard ::VINE ::Received message: Timestamp: 1683309574.348483        ID: 0300    S Rx     F          DL: 24    f8 14 13 00 01 01 01 01 00 00 ff ff ff ff ff 00 00 00 00 ff ff ff ff f3    Channel: can0

[INFO] :: 2023-05-06 02:59:34,937 :: main ::VINE ::GET_STATUS command is inserted to 1 Unit Board

[INFO] :: 2023-05-06 02:59:34,990 :: unitboard ::VINE ::Received message: Timestamp: 1683309574.940598        ID: 0300    S Rx     F          DL: 24    f8 12 10 00 37 05 03 05 0b 00 0b 00 0b 00 0b 00 00 00 00 00 f3 ff ff f3    Channel: can0

[INFO] :: 2023-05-06 02:59:35,042 :: unitboard ::VINE ::Received message: Timestamp: 1683309574.992855        ID: 0300    S Rx     F          DL: 24    f8 14 13 00 01 01 01 01 00 00 ff ff ff ff ff 00 00 00 00 ff ff ff ff f3    Channel: can0

[INFO] :: 2023-05-06 02:59:35,617 :: main ::VINE ::GET_STATUS command is inserted to 1 Unit Board

[INFO] :: 2023-05-06 02:59:35,670 :: unitboard ::VINE ::Received message: Timestamp: 1683309575.620803        ID: 0300    S Rx     F          DL: 24    f8 12 10 00 31 05 fd 04 0b 00 0b 00 0b 00 0b 00 00 00 00 00 f3 ff ff f3    Channel: can0

[INFO] :: 2023-05-06 02:59:35,722 :: unitboard ::VINE ::Received message: Timestamp: 1683309575.672967        ID: 0300    S Rx     F          DL: 24    f8 14 13 00 01 01 01 01 00 00 ff ff ff ff ff 00 00 00 00 ff ff ff ff f3    Channel: can0

[INFO] :: 2023-05-06 02:59:36,465 :: main ::VINE ::GET_STATUS command is inserted to 1 Unit Board

[INFO] :: 2023-05-06 02:59:36,519 :: unitboard ::VINE ::Received message: Timestamp: 1683309576.469344        ID: 0300    S Rx     F          DL: 24    f8 12 10 00 34 05 fe 04 0b 00 0b 00 0b 00 0b 00 00 00 00 00 f3 ff ff f3    Channel: can0

[INFO] :: 2023-05-06 02:59:36,571 :: unitboard ::VINE ::Received message: Timestamp: 1683309576.521615        ID: 0300    S Rx     F          DL: 24    f8 14 13 00 01 01 01 01 00 00 ff ff ff ff ff 00 00 00 00 ff ff ff ff f3    Channel: can0

[INFO] :: 2023-05-06 02:59:38,169 :: main ::VINE ::GET_STATUS command is inserted to 1 Unit Board

[INFO] :: 2023-05-06 02:59:38,233 :: unitboard ::VINE ::Received message: Timestamp: 1683309578.184157        ID: 0300    S Rx     F          DL: 24    f8 12 10 00 32 05 fd 04 0b 00 0b 00 0b 00 0b 00 00 00 00 00 f3 ff ff f3    Channel: can0

[INFO] :: 2023-05-06 02:59:38,289 :: unitboard ::VINE ::Received message: Timestamp: 1683309578.238805        ID: 0300    S Rx     F          DL: 24    f8 14 13 00 01 01 01 01 00 00 ff ff ff ff ff 00 00 00 00 ff ff ff ff f3    Channel: can0

[INFO] :: 2023-05-06 02:59:38,856 :: main ::VINE ::GET_STATUS command is inserted to 1 Unit Board

[INFO] :: 2023-05-06 02:59:38,912 :: unitboard ::VINE ::Received message: Timestamp: 1683309578.863026        ID: 0300    S Rx     F          DL: 24    f8 12 10 00 40 05 0b 05 0b 00 0b 00 0b 00 0b 00 00 00 00 00 f3 ff ff f3    Channel: can0

[INFO] :: 2023-05-06 02:59:38,967 :: unitboard ::VINE ::Received message: Timestamp: 1683309578.917515        ID: 0300    S Rx     F          DL: 24    f8 14 13 00 01 01 01 01 00 00 ff ff ff ff ff 00 00 00 00 ff ff ff ff f3    Channel: can0

[INFO] :: 2023-05-06 02:59:39,649 :: main ::VINE ::GET_STATUS command is inserted to 1 Unit Board

[INFO] :: 2023-05-06 02:59:39,706 :: unitboard ::VINE ::Received message: Timestamp: 1683309579.656482        ID: 0300    S Rx     F          DL: 24    f8 12 10 00 37 05 03 05 0b 00 0b 00 0b 00 0b 00 00 00 00 00 f3 ff ff f3    Channel: can0

[INFO] :: 2023-05-06 02:59:39,763 :: unitboard ::VINE ::Received message: Timestamp: 1683309579.710926        ID: 0300    S Rx     F          DL: 24    f8 14 13 00 01 01 01 01 00 00 ff ff ff ff ff 00 00 00 00 ff ff ff ff f3    Channel: can0

[INFO] :: 2023-05-06 02:59:40,412 :: main ::VINE ::GET_STATUS command is inserted to 1 Unit Board

[INFO] :: 2023-05-06 02:59:40,468 :: unitboard ::VINE ::Received message: Timestamp: 1683309580.418207        ID: 0300    S Rx     F          DL: 24    f8 12 10 00 35 05 01 05 0a 00 0b 00 0b 00 0b 00 00 00 00 00 f3 ff ff f3    Channel: can0

[INFO] :: 2023-05-06 02:59:40,523 :: unitboard ::VINE ::Received message: Timestamp: 1683309580.472404        ID: 0300    S Rx     F          DL: 24    f8 14 13 00 01 01 01 01 00 00 ff ff ff ff ff 00 00 00 00 ff ff ff ff f3    Channel: can0

[INFO] :: 2023-05-06 02:59:41,041 :: main ::VINE ::GET_STATUS command is inserted to 1 Unit Board

[INFO] :: 2023-05-06 02:59:41,097 :: unitboard ::VINE ::Received message: Timestamp: 1683309581.047283        ID: 0300    S Rx     F          DL: 24    f8 12 10 00 3a 05 05 05 0b 00 0b 00 0b 00 0b 00 00 00 00 00 f3 ff ff f3    Channel: can0

[INFO] :: 2023-05-06 02:59:41,151 :: unitboard ::VINE ::Received message: Timestamp: 1683309581.101442        ID: 0300    S Rx     F          DL: 24    f8 14 13 00 01 01 01 01 00 00 ff ff ff ff ff 00 00 00 00 ff ff ff ff f3    Channel: can0

[INFO] :: 2023-05-06 03:03:49,920 :: canfd ::VINE ::CanFDReceive initialized

[INFO] :: 2023-05-06 03:03:49,928 :: client ::VINE :: 

[INFO] :: 2023-05-06 03:03:49,929 :: canfd ::VINE ::CanFDTransmitte initialized

[INFO] :: 2023-05-06 03:03:49,931 :: client ::VINE ::  .<socket.socket fd=7, family=AddressFamily.AF_INET, type=SocketKind.SOCK_STREAM, proto=0, laddr=('192.168.0.18', 56080), raddr=('192.168.0.18', 9529)>

[INFO] :: 2023-05-06 03:03:50,090 :: unitboard ::VINE ::Process 67648 and 0 are created

[INFO] :: 2023-05-06 03:03:50,095 :: unitboard ::VINE ::Process 67652 and 1 are created

[INFO] :: 2023-05-06 03:03:50,099 :: unitboard ::VINE ::UnitBoard Temp Control Thread Run

[INFO] :: 2023-05-06 03:03:50,101 :: unitboard ::VINE ::UnitBoard Temp Control Thread Run

[INFO] :: 2023-05-06 03:03:50,109 :: unitboard ::VINE ::Process 67654 and 2 are created

[INFO] :: 2023-05-06 03:03:50,113 :: unitboard ::VINE ::UnitBoard Temp Control Thread Run

[INFO] :: 2023-05-06 03:03:54,148 :: main ::VINE ::SET_GPIO command is inserted to 1 Unit Board

[INFO] :: 2023-05-06 03:03:54,209 :: unitboard ::VINE ::Received message: Timestamp: 1683309834.161037        ID: 0300    S Rx     F          DL: 24    f8 13 13 00 04 01 01 01 00 00 ff ff ff ff ff 00 00 00 00 ff ff ff ff f3    Channel: can0

[INFO] :: 2023-05-06 03:03:56,589 :: main ::VINE ::SET_TEMP command is inserted to 1 Unit Board

[INFO] :: 2023-05-06 03:03:56,653 :: unitboard ::VINE ::Received message: Timestamp: 1683309836.603609        ID: 0300    S Rx     F          DL: 24    f8 13 13 00 04 01 01 01 00 00 ff ff ff ff ff 00 00 00 00 ff ff ff ff f3    Channel: can0

[INFO] :: 2023-05-06 03:03:57,396 :: main ::VINE ::SET_GPIO command is inserted to 1 Unit Board

[INFO] :: 2023-05-06 03:03:57,453 :: unitboard ::VINE ::Received message: Timestamp: 1683309837.403250        ID: 0300    S Rx     F          DL: 24    f8 13 13 00 04 01 01 01 00 00 ff ff ff ff ff 00 00 00 00 ff ff ff ff f3    Channel: can0

[INFO] :: 2023-05-06 03:03:58,108 :: main ::VINE ::SET_TEMP command is inserted to 1 Unit Board

[INFO] :: 2023-05-06 03:03:58,169 :: unitboard ::VINE ::Received message: Timestamp: 1683309838.119465        ID: 0300    S Rx     F          DL: 24    f8 13 13 00 04 01 01 01 00 00 ff ff ff ff ff 00 00 00 00 ff ff ff ff f3    Channel: can0

[INFO] :: 2023-05-06 03:03:58,715 :: main ::VINE ::SET_GPIO command is inserted to 1 Unit Board

[INFO] :: 2023-05-06 03:03:58,771 :: unitboard ::VINE ::Received message: Timestamp: 1683309838.721451        ID: 0300    S Rx     F          DL: 24    f8 13 13 00 04 01 01 01 00 00 ff ff ff ff ff 00 00 00 00 ff ff ff ff f3    Channel: can0

[INFO] :: 2023-05-06 03:03:59,245 :: main ::VINE ::SET_TEMP command is inserted to 1 Unit Board

[INFO] :: 2023-05-06 03:03:59,305 :: unitboard ::VINE ::Received message: Timestamp: 1683309839.255827        ID: 0300    S Rx     F          DL: 24    f8 13 13 00 04 01 01 01 00 00 ff ff ff ff ff 00 00 00 00 ff ff ff ff f3    Channel: can0

[INFO] :: 2023-05-06 03:03:59,730 :: main ::VINE ::SET_GPIO command is inserted to 1 Unit Board

[INFO] :: 2023-05-06 03:03:59,787 :: unitboard ::VINE ::Received message: Timestamp: 1683309839.737019        ID: 0300    S Rx     F          DL: 24    f8 13 13 00 04 01 01 01 00 00 ff ff ff ff ff 00 00 00 00 ff ff ff ff f3    Channel: can0

[INFO] :: 2023-05-06 03:04:00,165 :: main ::VINE ::SET_TEMP command is inserted to 1 Unit Board

[INFO] :: 2023-05-06 03:04:00,225 :: unitboard ::VINE ::Received message: Timestamp: 1683309840.175276        ID: 0300    S Rx     F          DL: 24    f8 13 13 00 04 01 01 01 00 00 ff ff ff ff ff 00 00 00 00 ff ff ff ff f3    Channel: can0

[INFO] :: 2023-05-06 03:04:00,613 :: main ::VINE ::SET_GPIO command is inserted to 1 Unit Board

[INFO] :: 2023-05-06 03:04:00,667 :: unitboard ::VINE ::Received message: Timestamp: 1683309840.617909        ID: 0300    S Rx     F          DL: 24    f8 13 13 00 04 01 01 01 00 00 ff ff ff ff ff 00 00 00 00 ff ff ff ff f3    Channel: can0

[INFO] :: 2023-05-06 03:04:01,058 :: main ::VINE ::SET_TEMP command is inserted to 1 Unit Board

[INFO] :: 2023-05-06 03:04:01,117 :: unitboard ::VINE ::Received message: Timestamp: 1683309841.067045        ID: 0300    S Rx     F          DL: 24    f8 13 13 00 04 01 01 01 00 00 ff ff ff ff ff 00 00 00 00 ff ff ff ff f3    Channel: can0

[INFO] :: 2023-05-06 03:04:01,673 :: main ::VINE ::SET_MOTOR command is inserted to 1 Unit Board

[INFO] :: 2023-05-06 03:04:01,779 :: unitboard ::VINE ::Received message: Timestamp: 1683309841.731457        ID: 0300    S Rx     F          DL: 12    f8 11 05 00 01 01 01 01 00 f3 ff ff    Channel: can0

[INFO] :: 2023-05-06 03:04:03,555 :: main ::VINE ::GET_STATUS command is inserted to 1 Unit Board

[INFO] :: 2023-05-06 03:04:03,613 :: unitboard ::VINE ::Received message: Timestamp: 1683309843.561923        ID: 0300    S Rx     F          DL: 24    f8 12 10 00 43 05 09 05 0b 00 0b 00 0b 00 0b 00 00 00 00 00 f3 ff ff f3    Channel: can0

[INFO] :: 2023-05-06 03:04:03,669 :: unitboard ::VINE ::Received message: Timestamp: 1683309843.618731        ID: 0300    S Rx     F          DL: 24    f8 14 13 00 00 00 00 00 00 00 ff ff ff ff ff 00 64 00 00 ff ff ff ff f3    Channel: can0

[INFO] :: 2023-05-06 03:04:07,415 :: main ::VINE ::GET_STATUS command is inserted to 1 Unit Board

[INFO] :: 2023-05-06 03:04:07,470 :: unitboard ::VINE ::Received message: Timestamp: 1683309847.421143        ID: 0300    S Rx     F          DL: 24    f8 12 10 00 43 05 0b 05 0b 00 0c 00 0b 00 0b 00 00 00 00 00 f3 ff ff f3    Channel: can0

[INFO] :: 2023-05-06 03:04:07,526 :: unitboard ::VINE ::Received message: Timestamp: 1683309847.475343        ID: 0300    S Rx     F          DL: 24    f8 14 13 00 00 00 00 00 00 00 ff ff ff ff ff 00 64 00 00 ff ff ff ff f3    Channel: can0

[INFO] :: 2023-05-06 03:04:08,867 :: main ::VINE ::GET_STATUS command is inserted to 1 Unit Board

[INFO] :: 2023-05-06 03:04:08,923 :: unitboard ::VINE ::Received message: Timestamp: 1683309848.873528        ID: 0300    S Rx     F          DL: 24    f8 12 10 00 40 05 07 05 0b 00 0b 00 0b 00 0b 00 00 00 00 00 f3 ff ff f3    Channel: can0

[INFO] :: 2023-05-06 03:04:08,977 :: unitboard ::VINE ::Received message: Timestamp: 1683309848.927338        ID: 0300    S Rx     F          DL: 24    f8 14 13 00 00 00 00 00 00 00 ff ff ff ff ff 00 64 00 00 ff ff ff ff f3    Channel: can0

[INFO] :: 2023-05-06 03:04:41,036 :: main ::VINE ::GET_STATUS command is inserted to 1 Unit Board

[INFO] :: 2023-05-06 03:04:41,096 :: unitboard ::VINE ::Received message: Timestamp: 1683309881.043562        ID: 0300    S Rx     F          DL: 24    f8 12 10 00 39 05 03 05 0c 00 0b 00 0b 00 0b 00 00 00 00 00 f3 ff ff f3    Channel: can0

[INFO] :: 2023-05-06 03:04:41,150 :: unitboard ::VINE ::Received message: Timestamp: 1683309881.112482        ID: 0300    S Rx     F          DL: 24    f8 14 13 00 00 00 00 00 00 00 ff ff ff ff ff 00 00 00 00 ff ff ff ff f3    Channel: can0

[INFO] :: 2023-05-06 03:04:42,107 :: main ::VINE ::GET_STATUS command is inserted to 1 Unit Board

[INFO] :: 2023-05-06 03:04:42,164 :: unitboard ::VINE ::Received message: Timestamp: 1683309882.136471        ID: 0300    S Rx     F          DL: 24    f8 12 10 00 34 05 fe 04 0b 00 0b 00 0b 00 0b 00 00 00 00 00 f3 ff ff f3    Channel: can0

[INFO] :: 2023-05-06 03:04:42,220 :: unitboard ::VINE ::Received message: Timestamp: 1683309882.169777        ID: 0300    S Rx     F          DL: 24    f8 14 13 00 00 00 00 00 00 00 ff ff ff ff ff 00 00 00 00 ff ff ff ff f3    Channel: can0

[INFO] :: 2023-05-06 03:04:42,788 :: main ::VINE ::GET_STATUS command is inserted to 1 Unit Board

[INFO] :: 2023-05-06 03:04:42,845 :: unitboard ::VINE ::Received message: Timestamp: 1683309882.796620        ID: 0300    S Rx     F          DL: 24    f8 12 10 00 3c 05 07 05 0c 00 0b 00 0b 00 0b 00 00 00 00 00 f3 ff ff f3    Channel: can0

[INFO] :: 2023-05-06 03:04:42,898 :: unitboard ::VINE ::Received message: Timestamp: 1683309882.848612        ID: 0300    S Rx     F          DL: 24    f8 14 13 00 00 00 00 00 00 00 ff ff ff ff ff 00 00 00 00 ff ff ff ff f3    Channel: can0

[INFO] :: 2023-05-06 03:06:27,560 :: canfd ::VINE ::CanFDReceive initialized

[INFO] :: 2023-05-06 03:06:27,569 :: client ::VINE :: 

[INFO] :: 2023-05-06 03:06:27,569 :: canfd ::VINE ::CanFDTransmitte initialized

[INFO] :: 2023-05-06 03:06:27,571 :: client ::VINE ::  .<socket.socket fd=7, family=AddressFamily.AF_INET, type=SocketKind.SOCK_STREAM, proto=0, laddr=('192.168.0.18', 59082), raddr=('192.168.0.18', 9529)>

[INFO] :: 2023-05-06 03:06:27,750 :: unitboard ::VINE ::Process 68848 and 0 are created

[INFO] :: 2023-05-06 03:06:27,754 :: unitboard ::VINE ::UnitBoard Temp Control Thread Run

[INFO] :: 2023-05-06 03:06:27,759 :: unitboard ::VINE ::Process 68852 and 1 are created

[INFO] :: 2023-05-06 03:06:27,763 :: unitboard ::VINE ::UnitBoard Temp Control Thread Run

[INFO] :: 2023-05-06 03:06:27,764 :: unitboard ::VINE ::Process 68854 and 2 are created

[INFO] :: 2023-05-06 03:06:27,768 :: unitboard ::VINE ::UnitBoard Temp Control Thread Run

[INFO] :: 2023-05-06 03:06:40,366 :: main ::VINE ::SET_GPIO command is inserted to 1 Unit Board

[INFO] :: 2023-05-06 03:06:40,430 :: unitboard ::VINE ::Received message: Timestamp: 1683310000.380297        ID: 0300    S Rx     F          DL: 24    f8 13 13 00 04 00 00 00 00 00 ff ff ff ff ff 00 00 00 00 ff ff ff ff f3    Channel: can0

[INFO] :: 2023-05-06 03:06:42,694 :: main ::VINE ::SET_TEMP command is inserted to 1 Unit Board

[INFO] :: 2023-05-06 03:06:42,762 :: unitboard ::VINE ::Received message: Timestamp: 1683310002.712572        ID: 0300    S Rx     F          DL: 24    f8 13 13 00 04 00 00 00 00 00 ff ff ff ff ff 00 00 00 00 ff ff ff ff f3    Channel: can0

[INFO] :: 2023-05-06 03:06:43,478 :: main ::VINE ::GET_STATUS command is inserted to 1 Unit Board

[INFO] :: 2023-05-06 03:06:43,534 :: unitboard ::VINE ::Received message: Timestamp: 1683310003.484484        ID: 0300    S Rx     F          DL: 24    f8 12 10 00 38 05 03 05 0b 00 0b 00 0b 00 0b 00 00 00 00 00 f3 ff ff f3    Channel: can0

[INFO] :: 2023-05-06 03:06:43,589 :: unitboard ::VINE ::Received message: Timestamp: 1683310003.539203        ID: 0300    S Rx     F          DL: 24    f8 14 13 00 00 00 00 00 00 00 ff ff ff ff ff 00 00 00 00 ff ff ff ff f3    Channel: can0

[INFO] :: 2023-05-06 03:06:48,140 :: main ::VINE ::GET_STATUS command is inserted to 1 Unit Board

[INFO] :: 2023-05-06 03:06:48,196 :: unitboard ::VINE ::Received message: Timestamp: 1683310008.145439        ID: 0300    S Rx     F          DL: 24    f8 12 10 00 3a 05 05 05 0b 00 0b 00 0a 00 0b 00 00 00 00 00 f3 ff ff f3    Channel: can0

[INFO] :: 2023-05-06 03:06:48,251 :: unitboard ::VINE ::Received message: Timestamp: 1683310008.200701        ID: 0300    S Rx     F          DL: 24    f8 14 13 00 00 00 00 00 00 00 ff ff ff ff ff 00 00 00 00 ff ff ff ff f3    Channel: can0

[INFO] :: 2023-05-06 03:06:49,494 :: main ::VINE ::GET_STATUS command is inserted to 1 Unit Board

[INFO] :: 2023-05-06 03:06:49,550 :: unitboard ::VINE ::Received message: Timestamp: 1683310009.500669        ID: 0300    S Rx     F          DL: 24    f8 12 10 00 38 05 03 05 0b 00 0b 00 0b 00 0b 00 00 00 00 00 f3 ff ff f3    Channel: can0

[INFO] :: 2023-05-06 03:06:49,605 :: unitboard ::VINE ::Received message: Timestamp: 1683310009.554696        ID: 0300    S Rx     F          DL: 24    f8 14 13 00 00 00 00 00 00 00 ff ff ff ff ff 00 00 00 00 ff ff ff ff f3    Channel: can0

[INFO] :: 2023-05-06 03:07:27,645 :: canfd ::VINE ::CanFDReceive initialized

[INFO] :: 2023-05-06 03:07:27,653 :: client ::VINE :: 

[INFO] :: 2023-05-06 03:07:27,654 :: canfd ::VINE ::CanFDTransmitte initialized

[INFO] :: 2023-05-06 03:07:27,656 :: client ::VINE ::  .<socket.socket fd=7, family=AddressFamily.AF_INET, type=SocketKind.SOCK_STREAM, proto=0, laddr=('192.168.0.18', 59256), raddr=('192.168.0.18', 9529)>

[INFO] :: 2023-05-06 03:07:27,823 :: unitboard ::VINE ::Process 69510 and 0 are created

[INFO] :: 2023-05-06 03:07:27,828 :: unitboard ::VINE ::UnitBoard Temp Control Thread Run

[INFO] :: 2023-05-06 03:07:27,837 :: unitboard ::VINE ::Process 69514 and 1 are created

[INFO] :: 2023-05-06 03:07:27,838 :: unitboard ::VINE ::Process 69518 and 2 are created

[INFO] :: 2023-05-06 03:07:27,841 :: unitboard ::VINE ::UnitBoard Temp Control Thread Run

[INFO] :: 2023-05-06 03:07:27,842 :: unitboard ::VINE ::UnitBoard Temp Control Thread Run

[INFO] :: 2023-05-06 03:07:31,377 :: main ::VINE ::GET_STATUS command is inserted to 1 Unit Board

[INFO] :: 2023-05-06 03:07:31,433 :: unitboard ::VINE ::Received message: Timestamp: 1683310051.383739        ID: 0300    S Rx     F          DL: 24    f8 12 10 00 37 05 02 05 0b 00 0b 00 0b 00 0b 00 00 00 00 00 f3 ff ff f3    Channel: can0

[INFO] :: 2023-05-06 03:07:31,486 :: unitboard ::VINE ::Received message: Timestamp: 1683310051.435927        ID: 0300    S Rx     F          DL: 24    f8 14 13 00 00 00 00 00 00 00 ff ff ff ff ff 00 00 00 00 ff ff ff ff f3    Channel: can0

[INFO] :: 2023-05-06 03:07:36,181 :: main ::VINE ::GET_STATUS command is inserted to 1 Unit Board

[INFO] :: 2023-05-06 03:07:36,234 :: unitboard ::VINE ::Received message: Timestamp: 1683310056.184562        ID: 0300    S Rx     F          DL: 24    f8 12 10 00 36 05 02 05 0b 00 0b 00 0b 00 0b 00 00 00 00 00 f3 ff ff f3    Channel: can0

[INFO] :: 2023-05-06 03:07:36,286 :: unitboard ::VINE ::Received message: Timestamp: 1683310056.236882        ID: 0300    S Rx     F          DL: 24    f8 14 13 00 00 00 00 00 00 00 ff ff ff ff ff 00 00 00 00 ff ff ff ff f3    Channel: can0

[INFO] :: 2023-05-06 03:07:37,581 :: main ::VINE ::SET_GPIO command is inserted to 1 Unit Board

[INFO] :: 2023-05-06 03:07:37,637 :: unitboard ::VINE ::Received message: Timestamp: 1683310057.587726        ID: 0300    S Rx     F          DL: 24    f8 13 13 00 04 00 00 00 00 00 ff ff ff ff ff 00 00 00 00 ff ff ff ff f3    Channel: can0

[INFO] :: 2023-05-06 03:07:38,603 :: main ::VINE ::SET_TEMP command is inserted to 1 Unit Board

[INFO] :: 2023-05-06 03:07:38,668 :: unitboard ::VINE ::Received message: Timestamp: 1683310058.618553        ID: 0300    S Rx     F          DL: 24    f8 13 13 00 04 00 00 00 00 00 ff ff ff ff ff 00 00 00 00 ff ff ff ff f3    Channel: can0

[INFO] :: 2023-05-06 03:07:39,751 :: main ::VINE ::SET_MOTOR command is inserted to 1 Unit Board

[INFO] :: 2023-05-06 03:07:39,857 :: unitboard ::VINE ::Received message: Timestamp: 1683310059.810569        ID: 0300    S Rx     F          DL: 12    f8 11 05 00 01 00 00 00 00 f3 ff ff    Channel: can0

[INFO] :: 2023-05-06 03:07:41,981 :: main ::VINE ::GET_STATUS command is inserted to 1 Unit Board

[INFO] :: 2023-05-06 03:07:42,037 :: unitboard ::VINE ::Received message: Timestamp: 1683310061.987213        ID: 0300    S Rx     F          DL: 24    f8 12 10 00 3d 05 04 05 0b 00 0b 00 0c 00 0b 00 00 00 00 00 f3 ff ff f3    Channel: can0

[INFO] :: 2023-05-06 03:07:42,092 :: unitboard ::VINE ::Received message: Timestamp: 1683310062.041856        ID: 0300    S Rx     F          DL: 24    f8 14 13 00 00 00 00 00 00 00 ff ff ff ff ff 00 64 00 00 ff ff ff ff f3    Channel: can0

[INFO] :: 2023-05-06 03:07:43,736 :: main ::VINE ::GET_STATUS command is inserted to 1 Unit Board

[INFO] :: 2023-05-06 03:07:43,792 :: unitboard ::VINE ::Received message: Timestamp: 1683310063.742315        ID: 0300    S Rx     F          DL: 24    f8 12 10 00 49 05 0e 05 0b 00 0b 00 0b 00 0b 00 00 00 00 00 f3 ff ff f3    Channel: can0

[INFO] :: 2023-05-06 03:07:43,847 :: unitboard ::VINE ::Received message: Timestamp: 1683310063.796471        ID: 0300    S Rx     F          DL: 24    f8 14 13 00 00 00 00 00 00 00 ff ff ff ff ff 00 64 00 00 ff ff ff ff f3    Channel: can0

[INFO] :: 2023-05-06 03:07:55,743 :: main ::VINE ::GET_STATUS command is inserted to 1 Unit Board

[INFO] :: 2023-05-06 03:07:55,798 :: unitboard ::VINE ::Received message: Timestamp: 1683310075.748124        ID: 0300    S Rx     F          DL: 24    f8 12 10 00 41 05 09 05 0b 00 0b 00 0b 00 0b 00 00 00 00 00 f3 ff ff f3    Channel: can0

[INFO] :: 2023-05-06 03:07:55,852 :: unitboard ::VINE ::Received message: Timestamp: 1683310075.801843        ID: 0300    S Rx     F          DL: 24    f8 14 13 00 00 00 00 00 00 00 ff ff ff ff ff 00 64 01 54 ff ff ff ff f3    Channel: can0

[INFO] :: 2023-05-06 03:08:15,601 :: main ::VINE ::GET_STATUS command is inserted to 1 Unit Board

[INFO] :: 2023-05-06 03:08:15,659 :: unitboard ::VINE ::Received message: Timestamp: 1683310095.607916        ID: 0300    S Rx     F          DL: 24    f8 12 10 00 3b 05 03 05 0b 00 0b 00 0b 00 0b 00 00 00 00 00 f3 ff ff f3    Channel: can0

[INFO] :: 2023-05-06 03:08:15,714 :: unitboard ::VINE ::Received message: Timestamp: 1683310095.664026        ID: 0300    S Rx     F          DL: 24    f8 14 13 00 00 00 00 00 00 00 ff ff ff ff ff 00 64 01 90 ff ff ff ff f3    Channel: can0

[INFO] :: 2023-05-06 03:08:17,750 :: main ::VINE ::GET_STATUS command is inserted to 1 Unit Board

[INFO] :: 2023-05-06 03:08:17,810 :: unitboard ::VINE ::Received message: Timestamp: 1683310097.757499        ID: 0300    S Rx     F          DL: 24    f8 12 10 00 48 05 0e 05 0b 00 0b 00 0b 00 0b 00 00 00 00 00 f3 ff ff f3    Channel: can0

[INFO] :: 2023-05-06 03:08:17,865 :: unitboard ::VINE ::Received message: Timestamp: 1683310097.815169        ID: 0300    S Rx     F          DL: 24    f8 14 13 00 00 00 00 00 00 00 ff ff ff ff ff 00 64 01 68 ff ff ff ff f3    Channel: can0

[INFO] :: 2023-05-06 03:08:19,023 :: main ::VINE ::GET_STATUS command is inserted to 1 Unit Board

[INFO] :: 2023-05-06 03:08:19,079 :: unitboard ::VINE ::Received message: Timestamp: 1683310099.029779        ID: 0300    S Rx     F          DL: 24    f8 12 10 00 4c 05 13 05 0b 00 0b 00 0b 00 0b 00 00 00 00 00 f3 ff ff f3    Channel: can0

[INFO] :: 2023-05-06 03:08:19,134 :: unitboard ::VINE ::Received message: Timestamp: 1683310099.084232        ID: 0300    S Rx     F          DL: 24    f8 14 13 00 00 00 00 00 00 00 ff ff ff ff ff 00 64 01 04 ff ff ff ff f3    Channel: can0

[INFO] :: 2023-05-06 03:08:19,765 :: main ::VINE ::GET_STATUS command is inserted to 1 Unit Board

[INFO] :: 2023-05-06 03:08:19,820 :: unitboard ::VINE ::Received message: Timestamp: 1683310099.771270        ID: 0300    S Rx     F          DL: 24    f8 12 10 00 41 05 07 05 0b 00 0b 00 0b 00 0b 00 00 00 00 00 f3 ff ff f3    Channel: can0

[INFO] :: 2023-05-06 03:08:19,875 :: unitboard ::VINE ::Received message: Timestamp: 1683310099.825386        ID: 0300    S Rx     F          DL: 24    f8 14 13 00 00 00 00 00 00 00 ff ff ff ff ff 00 64 01 04 ff ff ff ff f3    Channel: can0

[INFO] :: 2023-05-06 03:10:16,285 :: main ::VINE ::GET_STATUS command is inserted to 1 Unit Board

[INFO] :: 2023-05-06 03:10:16,340 :: unitboard ::VINE ::Received message: Timestamp: 1683310216.291362        ID: 0300    S Rx     F          DL: 24    f8 12 10 00 39 05 04 05 0b 00 0b 00 0b 00 0b 00 00 00 00 00 f3 ff ff f3    Channel: can0

[INFO] :: 2023-05-06 03:10:16,395 :: unitboard ::VINE ::Received message: Timestamp: 1683310216.345327        ID: 0300    S Rx     F          DL: 24    f8 14 13 00 00 00 00 00 00 00 ff ff ff ff ff 00 00 00 00 ff ff ff ff f3    Channel: can0

[INFO] :: 2023-05-06 03:10:18,783 :: main ::VINE ::GET_STATUS command is inserted to 1 Unit Board

[INFO] :: 2023-05-06 03:10:18,839 :: unitboard ::VINE ::Received message: Timestamp: 1683310218.789897        ID: 0300    S Rx     F          DL: 24    f8 12 10 00 3b 05 06 05 0b 00 0b 00 0b 00 0b 00 00 00 00 00 f3 ff ff f3    Channel: can0

[INFO] :: 2023-05-06 03:10:18,895 :: unitboard ::VINE ::Received message: Timestamp: 1683310218.844050        ID: 0300    S Rx     F          DL: 24    f8 14 13 00 00 00 00 00 00 00 ff ff ff ff ff 00 00 00 00 ff ff ff ff f3    Channel: can0

[INFO] :: 2023-05-06 03:10:20,408 :: main ::VINE ::GET_STATUS command is inserted to 1 Unit Board

[INFO] :: 2023-05-06 03:10:20,464 :: unitboard ::VINE ::Received message: Timestamp: 1683310220.414778        ID: 0300    S Rx     F          DL: 24    f8 12 10 00 37 05 03 05 0b 00 0b 00 0b 00 0b 00 00 00 00 00 f3 ff ff f3    Channel: can0

[INFO] :: 2023-05-06 03:10:20,519 :: unitboard ::VINE ::Received message: Timestamp: 1683310220.469055        ID: 0300    S Rx     F          DL: 24    f8 14 13 00 00 00 00 00 00 00 ff ff ff ff ff 00 00 00 00 ff ff ff ff f3    Channel: can0

[INFO] :: 2023-05-06 03:10:21,536 :: main ::VINE ::GET_STATUS command is inserted to 1 Unit Board

[INFO] :: 2023-05-06 03:10:21,593 :: unitboard ::VINE ::Received message: Timestamp: 1683310221.541975        ID: 0300    S Rx     F          DL: 24    f8 12 10 00 3b 05 06 05 0b 00 0b 00 0b 00 0b 00 00 00 00 00 f3 ff ff f3    Channel: can0

[INFO] :: 2023-05-06 03:10:21,648 :: unitboard ::VINE ::Received message: Timestamp: 1683310221.598458        ID: 0300    S Rx     F          DL: 24    f8 14 13 00 00 00 00 00 00 00 ff ff ff ff ff 00 00 00 00 ff ff ff ff f3    Channel: can0

[INFO] :: 2023-05-06 03:10:22,377 :: main ::VINE ::GET_STATUS command is inserted to 1 Unit Board

[INFO] :: 2023-05-06 03:10:22,435 :: unitboard ::VINE ::Received message: Timestamp: 1683310222.384111        ID: 0300    S Rx     F          DL: 24    f8 12 10 00 35 05 00 05 0b 00 0b 00 0b 00 0b 00 00 00 00 00 f3 ff ff f3    Channel: can0

[INFO] :: 2023-05-06 03:10:22,489 :: unitboard ::VINE ::Received message: Timestamp: 1683310222.439746        ID: 0300    S Rx     F          DL: 24    f8 14 13 00 00 00 00 00 00 00 ff ff ff ff ff 00 00 00 00 ff ff ff ff f3    Channel: can0

[INFO] :: 2023-05-06 03:10:23,360 :: main ::VINE ::GET_STATUS command is inserted to 1 Unit Board

[INFO] :: 2023-05-06 03:10:23,416 :: unitboard ::VINE ::Received message: Timestamp: 1683310223.366667        ID: 0300    S Rx     F          DL: 24    f8 12 10 00 32 05 fd 04 0b 00 0b 00 0b 00 0a 00 00 00 00 00 f3 ff ff f3    Channel: can0

[INFO] :: 2023-05-06 03:10:23,471 :: unitboard ::VINE ::Received message: Timestamp: 1683310223.421026        ID: 0300    S Rx     F          DL: 24    f8 14 13 00 00 00 00 00 00 00 ff ff ff ff ff 00 00 00 00 ff ff ff ff f3    Channel: can0

[INFO] :: 2023-05-06 03:10:24,345 :: main ::VINE ::GET_STATUS command is inserted to 1 Unit Board

[INFO] :: 2023-05-06 03:10:24,401 :: unitboard ::VINE ::Received message: Timestamp: 1683310224.351459        ID: 0300    S Rx     F          DL: 24    f8 12 10 00 34 05 fe 04 0b 00 0b 00 0b 00 0b 00 00 00 00 00 f3 ff ff f3    Channel: can0

[INFO] :: 2023-05-06 03:10:24,455 :: unitboard ::VINE ::Received message: Timestamp: 1683310224.405097        ID: 0300    S Rx     F          DL: 24    f8 14 13 00 00 00 00 00 00 00 ff ff ff ff ff 00 00 00 00 ff ff ff ff f3    Channel: can0

[INFO] :: 2023-05-06 03:10:26,646 :: main ::VINE ::GET_STATUS command is inserted to 1 Unit Board

[INFO] :: 2023-05-06 03:10:26,701 :: unitboard ::VINE ::Received message: Timestamp: 1683310226.652003        ID: 0300    S Rx     F          DL: 24    f8 12 10 00 33 05 fe 04 0b 00 0b 00 0a 00 0b 00 00 00 00 00 f3 ff ff f3    Channel: can0

[INFO] :: 2023-05-06 03:10:26,756 :: unitboard ::VINE ::Received message: Timestamp: 1683310226.706280        ID: 0300    S Rx     F          DL: 24    f8 14 13 00 00 00 00 00 00 00 ff ff ff ff ff 00 00 00 00 ff ff ff ff f3    Channel: can0

[INFO] :: 2023-05-06 03:10:30,940 :: main ::VINE ::GET_ADC command is inserted to 1 Unit Board

[INFO] :: 2023-05-06 03:10:30,995 :: unitboard ::VINE ::Received message: Timestamp: 1683310230.969647        ID: 0300    S Rx     F          DL: 24    f8 12 10 00 35 05 ff 04 0b 00 0b 00 0b 00 0b 00 00 00 00 00 f3 ff ff f3    Channel: can0

[INFO] :: 2023-05-06 03:12:10,853 :: canfd ::VINE ::CanFDReceive initialized

[INFO] :: 2023-05-06 03:12:10,861 :: client ::VINE :: 

[INFO] :: 2023-05-06 03:12:10,862 :: canfd ::VINE ::CanFDTransmitte initialized

[INFO] :: 2023-05-06 03:12:10,864 :: client ::VINE ::  .<socket.socket fd=7, family=AddressFamily.AF_INET, type=SocketKind.SOCK_STREAM, proto=0, laddr=('192.168.0.18', 59784), raddr=('192.168.0.18', 9529)>

[INFO] :: 2023-05-06 03:12:11,013 :: unitboard ::VINE ::Process 71461 and 0 are created

[INFO] :: 2023-05-06 03:12:11,018 :: unitboard ::VINE ::UnitBoard Temp Control Thread Run

[INFO] :: 2023-05-06 03:12:11,040 :: unitboard ::VINE ::Process 71465 and 1 are created

[INFO] :: 2023-05-06 03:12:11,045 :: unitboard ::VINE ::UnitBoard Temp Control Thread Run

[INFO] :: 2023-05-06 03:12:11,054 :: unitboard ::VINE ::Process 71469 and 2 are created

[INFO] :: 2023-05-06 03:12:11,057 :: unitboard ::VINE ::UnitBoard Temp Control Thread Run

[INFO] :: 2023-05-06 03:12:17,579 :: main ::VINE ::SET_TEMP command is inserted to 1 Unit Board

[INFO] :: 2023-05-06 03:12:17,650 :: unitboard ::VINE ::Received message: Timestamp: 1683310337.601551        ID: 0300    S Rx     F          DL: 24    f8 13 13 00 04 05 ff 04 0b 00 0b 00 0b 00 0b 00 00 00 00 00 f3 ff ff f3    Channel: can0

[INFO] :: 2023-05-06 03:12:18,110 :: main ::VINE ::SET_GPIO command is inserted to 1 Unit Board

[INFO] :: 2023-05-06 03:12:18,166 :: unitboard ::VINE ::Received message: Timestamp: 1683310338.117037        ID: 0300    S Rx     F          DL: 24    f8 13 13 00 04 05 ff 04 0b 00 0b 00 0b 00 0b 00 00 00 00 00 f3 ff ff f3    Channel: can0

[INFO] :: 2023-05-06 03:12:18,707 :: main ::VINE ::SET_TEMP command is inserted to 1 Unit Board

[INFO] :: 2023-05-06 03:12:18,767 :: unitboard ::VINE ::Received message: Timestamp: 1683310338.718137        ID: 0300    S Rx     F          DL: 24    f8 13 13 00 04 05 ff 04 0b 00 0b 00 0b 00 0b 00 00 00 00 00 f3 ff ff f3    Channel: can0

[INFO] :: 2023-05-06 03:12:19,319 :: main ::VINE ::SET_GPIO command is inserted to 1 Unit Board

[INFO] :: 2023-05-06 03:12:19,375 :: unitboard ::VINE ::Received message: Timestamp: 1683310339.325357        ID: 0300    S Rx     F          DL: 24    f8 13 13 00 04 05 ff 04 0b 00 0b 00 0b 00 0b 00 00 00 00 00 f3 ff ff f3    Channel: can0

[INFO] :: 2023-05-06 03:12:19,782 :: main ::VINE ::SET_TEMP command is inserted to 1 Unit Board

[INFO] :: 2023-05-06 03:12:19,843 :: unitboard ::VINE ::Received message: Timestamp: 1683310339.793493        ID: 0300    S Rx     F          DL: 24    f8 13 13 00 04 05 ff 04 0b 00 0b 00 0b 00 0b 00 00 00 00 00 f3 ff ff f3    Channel: can0

[INFO] :: 2023-05-06 03:12:21,123 :: main ::VINE ::GET_ADC command is inserted to 1 Unit Board

[INFO] :: 2023-05-06 03:12:21,179 :: unitboard ::VINE ::Received message: Timestamp: 1683310341.129094        ID: 0300    S Rx     F          DL: 24    f8 12 10 00 38 05 03 05 0b 00 0b 00 0b 00 0b 00 00 00 00 00 f3 ff ff f3    Channel: can0

[INFO] :: 2023-05-06 03:12:23,087 :: main ::VINE ::GET_STATUS command is inserted to 1 Unit Board

[INFO] :: 2023-05-06 03:12:23,144 :: unitboard ::VINE ::Received message: Timestamp: 1683310343.093910        ID: 0300    S Rx     F          DL: 24    f8 12 10 00 3c 05 06 05 0b 00 0b 00 0b 00 0b 00 00 00 00 00 f3 ff ff f3    Channel: can0

[INFO] :: 2023-05-06 03:12:23,200 :: unitboard ::VINE ::Received message: Timestamp: 1683310343.150226        ID: 0300    S Rx     F          DL: 24    f8 14 13 00 00 00 00 00 00 00 ff ff ff ff ff 00 00 00 00 ff ff ff ff f3    Channel: can0

[INFO] :: 2023-05-06 03:12:25,832 :: main ::VINE ::GET_STATUS command is inserted to 1 Unit Board

[INFO] :: 2023-05-06 03:12:25,889 :: unitboard ::VINE ::Received message: Timestamp: 1683310345.838893        ID: 0300    S Rx     F          DL: 24    f8 12 10 00 3b 05 06 05 0b 00 0b 00 0b 00 0b 00 00 00 00 00 f3 ff ff f3    Channel: can0

[INFO] :: 2023-05-06 03:12:25,944 :: unitboard ::VINE ::Received message: Timestamp: 1683310345.893988        ID: 0300    S Rx     F          DL: 24    f8 14 13 00 00 00 00 00 00 00 ff ff ff ff ff 00 00 00 00 ff ff ff ff f3    Channel: can0

[INFO] :: 2023-05-06 03:12:26,731 :: main ::VINE ::GET_STATUS command is inserted to 1 Unit Board

[INFO] :: 2023-05-06 03:12:26,787 :: unitboard ::VINE ::Received message: Timestamp: 1683310346.737358        ID: 0300    S Rx     F          DL: 24    f8 12 10 00 35 05 00 05 0b 00 0b 00 0b 00 0b 00 00 00 00 00 f3 ff ff f3    Channel: can0

[INFO] :: 2023-05-06 03:12:26,841 :: unitboard ::VINE ::Received message: Timestamp: 1683310346.791637        ID: 0300    S Rx     F          DL: 24    f8 14 13 00 00 00 00 00 00 00 ff ff ff ff ff 00 00 00 00 ff ff ff ff f3    Channel: can0

[INFO] :: 2023-05-06 03:12:27,609 :: main ::VINE ::GET_STATUS command is inserted to 1 Unit Board

[INFO] :: 2023-05-06 03:12:27,665 :: unitboard ::VINE ::Received message: Timestamp: 1683310347.615679        ID: 0300    S Rx     F          DL: 24    f8 12 10 00 37 05 02 05 0b 00 0b 00 0b 00 0b 00 00 00 00 00 f3 ff ff f3    Channel: can0

[INFO] :: 2023-05-06 03:12:27,720 :: unitboard ::VINE ::Received message: Timestamp: 1683310347.670227        ID: 0300    S Rx     F          DL: 24    f8 14 13 00 00 00 00 00 00 00 ff ff ff ff ff 00 00 00 00 ff ff ff ff f3    Channel: can0

[INFO] :: 2023-05-06 03:12:28,454 :: main ::VINE ::GET_STATUS command is inserted to 1 Unit Board

[INFO] :: 2023-05-06 03:12:28,507 :: unitboard ::VINE ::Received message: Timestamp: 1683310348.458083        ID: 0300    S Rx     F          DL: 24    f8 12 10 00 37 05 02 05 0b 00 0b 00 0b 00 0b 00 00 00 00 00 f3 ff ff f3    Channel: can0

[INFO] :: 2023-05-06 03:12:28,560 :: unitboard ::VINE ::Received message: Timestamp: 1683310348.510101        ID: 0300    S Rx     F          DL: 24    f8 14 13 00 00 00 00 00 00 00 ff ff ff ff ff 00 00 00 00 ff ff ff ff f3    Channel: can0

[INFO] :: 2023-05-06 03:12:30,534 :: main ::VINE ::GET_STATUS command is inserted to 1 Unit Board

[INFO] :: 2023-05-06 03:12:30,588 :: unitboard ::VINE ::Received message: Timestamp: 1683310350.538047        ID: 0300    S Rx     F          DL: 24    f8 12 10 00 37 05 02 05 0b 00 0b 00 0b 00 0b 00 00 00 00 00 f3 ff ff f3    Channel: can0

[INFO] :: 2023-05-06 03:12:30,641 :: unitboard ::VINE ::Received message: Timestamp: 1683310350.590881        ID: 0300    S Rx     F          DL: 24    f8 14 13 00 00 00 00 00 00 00 ff ff ff ff ff 00 00 00 00 ff ff ff ff f3    Channel: can0

[INFO] :: 2023-05-06 03:12:31,411 :: main ::VINE ::GET_STATUS command is inserted to 1 Unit Board

[INFO] :: 2023-05-06 03:12:31,464 :: unitboard ::VINE ::Received message: Timestamp: 1683310351.414281        ID: 0300    S Rx     F          DL: 24    f8 12 10 00 35 05 00 05 0b 00 0b 00 0b 00 0b 00 00 00 00 00 f3 ff ff f3    Channel: can0

[INFO] :: 2023-05-06 03:12:31,517 :: unitboard ::VINE ::Received message: Timestamp: 1683310351.467343        ID: 0300    S Rx     F          DL: 24    f8 14 13 00 00 00 00 00 00 00 ff ff ff ff ff 00 00 00 00 ff ff ff ff f3    Channel: can0

[INFO] :: 2023-05-06 03:12:33,565 :: main ::VINE ::GET_STATUS command is inserted to 1 Unit Board

[INFO] :: 2023-05-06 03:12:33,621 :: unitboard ::VINE ::Received message: Timestamp: 1683310353.571271        ID: 0300    S Rx     F          DL: 24    f8 12 10 00 38 05 03 05 0b 00 0b 00 0b 00 0b 00 00 00 00 00 f3 ff ff f3    Channel: can0

[INFO] :: 2023-05-06 03:12:33,675 :: unitboard ::VINE ::Received message: Timestamp: 1683310353.625404        ID: 0300    S Rx     F          DL: 24    f8 14 13 00 00 00 00 00 00 00 ff ff ff ff ff 00 00 00 00 ff ff ff ff f3    Channel: can0

[INFO] :: 2023-05-06 03:12:34,263 :: main ::VINE ::GET_STATUS command is inserted to 1 Unit Board

[INFO] :: 2023-05-06 03:12:34,321 :: unitboard ::VINE ::Received message: Timestamp: 1683310354.269938        ID: 0300    S Rx     F          DL: 24    f8 12 10 00 39 05 04 05 0b 00 0b 00 0b 00 0b 00 00 00 00 00 f3 ff ff f3    Channel: can0

[INFO] :: 2023-05-06 03:12:34,377 :: unitboard ::VINE ::Received message: Timestamp: 1683310354.325790        ID: 0300    S Rx     F          DL: 24    f8 14 13 00 00 00 00 00 00 00 ff ff ff ff ff 00 00 00 00 ff ff ff ff f3    Channel: can0

[INFO] :: 2023-05-06 03:12:34,991 :: main ::VINE ::GET_STATUS command is inserted to 1 Unit Board

[INFO] :: 2023-05-06 03:12:35,049 :: unitboard ::VINE ::Received message: Timestamp: 1683310354.997925        ID: 0300    S Rx     F          DL: 24    f8 12 10 00 34 05 ff 04 0b 00 0b 00 0b 00 0b 00 00 00 00 00 f3 ff ff f3    Channel: can0

[INFO] :: 2023-05-06 03:12:35,106 :: unitboard ::VINE ::Received message: Timestamp: 1683310355.054598        ID: 0300    S Rx     F          DL: 24    f8 14 13 00 00 00 00 00 00 00 ff ff ff ff ff 00 00 00 00 ff ff ff ff f3    Channel: can0

[INFO] :: 2023-05-06 03:12:35,833 :: main ::VINE ::GET_STATUS command is inserted to 1 Unit Board

[INFO] :: 2023-05-06 03:12:35,889 :: unitboard ::VINE ::Received message: Timestamp: 1683310355.839510        ID: 0300    S Rx     F          DL: 24    f8 12 10 00 3b 05 05 05 0b 00 0b 00 0b 00 0b 00 00 00 00 00 f3 ff ff f3    Channel: can0

[INFO] :: 2023-05-06 03:12:35,943 :: unitboard ::VINE ::Received message: Timestamp: 1683310355.893673        ID: 0300    S Rx     F          DL: 24    f8 14 13 00 00 00 00 00 00 00 ff ff ff ff ff 00 00 00 00 ff ff ff ff f3    Channel: can0

[INFO] :: 2023-05-06 03:12:36,792 :: main ::VINE ::GET_STATUS command is inserted to 1 Unit Board

[INFO] :: 2023-05-06 03:12:36,848 :: unitboard ::VINE ::Received message: Timestamp: 1683310356.798436        ID: 0300    S Rx     F          DL: 24    f8 12 10 00 34 05 ff 04 0b 00 0b 00 0b 00 0b 00 00 00 00 00 f3 ff ff f3    Channel: can0

[INFO] :: 2023-05-06 03:12:36,902 :: unitboard ::VINE ::Received message: Timestamp: 1683310356.852826        ID: 0300    S Rx     F          DL: 24    f8 14 13 00 00 00 00 00 00 00 ff ff ff ff ff 00 00 00 00 ff ff ff ff f3    Channel: can0

[INFO] :: 2023-05-06 03:12:37,586 :: main ::VINE ::GET_STATUS command is inserted to 1 Unit Board

[INFO] :: 2023-05-06 03:12:37,641 :: unitboard ::VINE ::Received message: Timestamp: 1683310357.592204        ID: 0300    S Rx     F          DL: 24    f8 12 10 00 39 05 05 05 0b 00 0b 00 0b 00 0b 00 00 00 00 00 f3 ff ff f3    Channel: can0

[INFO] :: 2023-05-06 03:12:37,696 :: unitboard ::VINE ::Received message: Timestamp: 1683310357.646029        ID: 0300    S Rx     F          DL: 24    f8 14 13 00 00 00 00 00 00 00 ff ff ff ff ff 00 00 00 00 ff ff ff ff f3    Channel: can0

[INFO] :: 2023-05-06 03:12:39,758 :: main ::VINE ::GET_STATUS command is inserted to 1 Unit Board

[INFO] :: 2023-05-06 03:12:39,813 :: unitboard ::VINE ::Received message: Timestamp: 1683310359.763906        ID: 0300    S Rx     F          DL: 24    f8 12 10 00 36 05 01 05 0b 00 0b 00 0b 00 0b 00 00 00 00 00 f3 ff ff f3    Channel: can0

[INFO] :: 2023-05-06 03:12:39,868 :: unitboard ::VINE ::Received message: Timestamp: 1683310359.818370        ID: 0300    S Rx     F          DL: 24    f8 14 13 00 00 00 00 00 00 00 ff ff ff ff ff 00 00 00 00 ff ff ff ff f3    Channel: can0

[INFO] :: 2023-05-06 03:12:40,732 :: main ::VINE ::GET_STATUS command is inserted to 1 Unit Board

[INFO] :: 2023-05-06 03:12:40,787 :: unitboard ::VINE ::Received message: Timestamp: 1683310360.737588        ID: 0300    S Rx     F          DL: 24    f8 12 10 00 3b 05 05 05 0b 00 0b 00 0b 00 0b 00 00 00 00 00 f3 ff ff f3    Channel: can0

[INFO] :: 2023-05-06 03:12:40,842 :: unitboard ::VINE ::Received message: Timestamp: 1683310360.792343        ID: 0300    S Rx     F          DL: 24    f8 14 13 00 00 00 00 00 00 00 ff ff ff ff ff 00 00 00 00 ff ff ff ff f3    Channel: can0

[INFO] :: 2023-05-06 03:12:41,755 :: main ::VINE ::GET_STATUS command is inserted to 1 Unit Board

[INFO] :: 2023-05-06 03:12:41,810 :: unitboard ::VINE ::Received message: Timestamp: 1683310361.760225        ID: 0300    S Rx     F          DL: 24    f8 12 10 00 35 05 00 05 0b 00 0b 00 0b 00 0b 00 00 00 00 00 f3 ff ff f3    Channel: can0

[INFO] :: 2023-05-06 03:12:41,865 :: unitboard ::VINE ::Received message: Timestamp: 1683310361.814744        ID: 0300    S Rx     F          DL: 24    f8 14 13 00 00 00 00 00 00 00 ff ff ff ff ff 00 00 00 00 ff ff ff ff f3    Channel: can0

